{"/workspaces/Stone/src/index.ts": {"path":"/workspaces/Stone/src/index.ts","statementMap":{"0":{"start":{"line":10,"column":0},"end":{"line":10,"column":7}},"1":{"start":{"line":60,"column":0},"end":{"line":60,"column":7}},"2":{"start":{"line":109,"column":0},"end":{"line":109,"column":7}},"3":{"start":{"line":1,"column":0},"end":{"line":1,"column":70}},"4":{"start":{"line":2,"column":0},"end":{"line":2,"column":80}},"5":{"start":{"line":3,"column":0},"end":{"line":3,"column":43}},"6":{"start":{"line":4,"column":0},"end":{"line":4,"column":47}},"7":{"start":{"line":5,"column":0},"end":{"line":5,"column":40}},"8":{"start":{"line":11,"column":17},"end":{"line":11,"column":29}},"9":{"start":{"line":13,"column":2},"end":{"line":54,"column":3}},"10":{"start":{"line":15,"column":18},"end":{"line":15,"column":32}},"11":{"start":{"line":16,"column":17},"end":{"line":16,"column":30}},"12":{"start":{"line":18,"column":4},"end":{"line":20,"column":5}},"13":{"start":{"line":19,"column":6},"end":{"line":19,"column":64}},"14":{"start":{"line":23,"column":17},"end":{"line":23,"column":33}},"15":{"start":{"line":24,"column":18},"end":{"line":24,"column":57}},"16":{"start":{"line":26,"column":4},"end":{"line":28,"column":5}},"17":{"start":{"line":27,"column":6},"end":{"line":27,"column":50}},"18":{"start":{"line":31,"column":22},"end":{"line":31,"column":43}},"19":{"start":{"line":32,"column":19},"end":{"line":32,"column":56}},"20":{"start":{"line":35,"column":4},"end":{"line":35,"column":46}},"21":{"start":{"line":38,"column":19},"end":{"line":38,"column":50}},"22":{"start":{"line":41,"column":25},"end":{"line":41,"column":57}},"23":{"start":{"line":42,"column":4},"end":{"line":42,"column":38}},"24":{"start":{"line":45,"column":28},"end":{"line":45,"column":59}},"25":{"start":{"line":46,"column":4},"end":{"line":46,"column":48}},"26":{"start":{"line":48,"column":4},"end":{"line":48,"column":54}},"27":{"start":{"line":50,"column":4},"end":{"line":53,"column":5}},"28":{"start":{"line":51,"column":6},"end":{"line":51,"column":62}},"29":{"start":{"line":52,"column":6},"end":{"line":52,"column":18}},"30":{"start":{"line":61,"column":17},"end":{"line":61,"column":29}},"31":{"start":{"line":63,"column":2},"end":{"line":103,"column":3}},"32":{"start":{"line":65,"column":25},"end":{"line":65,"column":43}},"33":{"start":{"line":66,"column":19},"end":{"line":66,"column":44}},"34":{"start":{"line":69,"column":17},"end":{"line":69,"column":33}},"35":{"start":{"line":70,"column":18},"end":{"line":70,"column":39}},"36":{"start":{"line":72,"column":4},"end":{"line":74,"column":5}},"37":{"start":{"line":73,"column":6},"end":{"line":73,"column":50}},"38":{"start":{"line":77,"column":19},"end":{"line":77,"column":50}},"39":{"start":{"line":80,"column":4},"end":{"line":95,"column":5}},"40":{"start":{"line":81,"column":20},"end":{"line":81,"column":36}},"41":{"start":{"line":82,"column":26},"end":{"line":82,"column":44}},"42":{"start":{"line":85,"column":6},"end":{"line":94,"column":7}},"43":{"start":{"line":87,"column":29},"end":{"line":87,"column":61}},"44":{"start":{"line":88,"column":8},"end":{"line":88,"column":53}},"45":{"start":{"line":89,"column":13},"end":{"line":94,"column":7}},"46":{"start":{"line":91,"column":25},"end":{"line":91,"column":58}},"47":{"start":{"line":92,"column":29},"end":{"line":92,"column":56}},"48":{"start":{"line":93,"column":8},"end":{"line":93,"column":62}},"49":{"start":{"line":97,"column":4},"end":{"line":97,"column":52}},"50":{"start":{"line":99,"column":4},"end":{"line":102,"column":5}},"51":{"start":{"line":100,"column":6},"end":{"line":100,"column":64}},"52":{"start":{"line":101,"column":6},"end":{"line":101,"column":18}},"53":{"start":{"line":114,"column":17},"end":{"line":114,"column":29}},"54":{"start":{"line":116,"column":2},"end":{"line":142,"column":3}},"55":{"start":{"line":118,"column":25},"end":{"line":118,"column":43}},"56":{"start":{"line":119,"column":19},"end":{"line":119,"column":44}},"57":{"start":{"line":122,"column":17},"end":{"line":122,"column":33}},"58":{"start":{"line":123,"column":18},"end":{"line":123,"column":57}},"59":{"start":{"line":125,"column":4},"end":{"line":127,"column":5}},"60":{"start":{"line":126,"column":6},"end":{"line":126,"column":50}},"61":{"start":{"line":130,"column":19},"end":{"line":130,"column":50}},"62":{"start":{"line":133,"column":21},"end":{"line":133,"column":54}},"63":{"start":{"line":134,"column":4},"end":{"line":134,"column":58}},"64":{"start":{"line":136,"column":4},"end":{"line":136,"column":84}},"65":{"start":{"line":138,"column":4},"end":{"line":141,"column":5}},"66":{"start":{"line":139,"column":6},"end":{"line":139,"column":66}},"67":{"start":{"line":140,"column":6},"end":{"line":140,"column":18}}},"fnMap":{"0":{"name":"init","decl":{"start":{"line":10,"column":22},"end":{"line":10,"column":26}},"loc":{"start":{"line":10,"column":86},"end":{"line":55,"column":1}}},"1":{"name":"processEvent","decl":{"start":{"line":60,"column":22},"end":{"line":60,"column":34}},"loc":{"start":{"line":60,"column":45},"end":{"line":104,"column":1}}},"2":{"name":"runWorkflow","decl":{"start":{"line":109,"column":22},"end":{"line":109,"column":33}},"loc":{"start":{"line":112,"column":30},"end":{"line":143,"column":1}}}},"branchMap":{"0":{"loc":{"start":{"line":15,"column":18},"end":{"line":15,"column":32}},"type":"cond-expr","locations":[{"start":{"line":15,"column":25},"end":{"line":15,"column":27}},{"start":{"line":15,"column":18},"end":{"line":15,"column":32}}]},"1":{"loc":{"start":{"line":15,"column":18},"end":{"line":15,"column":27}},"type":"binary-expr","locations":[{"start":{"line":15,"column":18},"end":{"line":15,"column":27}},{"start":{"line":15,"column":18},"end":{"line":15,"column":27}}]},"2":{"loc":{"start":{"line":16,"column":17},"end":{"line":16,"column":30}},"type":"cond-expr","locations":[{"start":{"line":16,"column":24},"end":{"line":16,"column":26}},{"start":{"line":16,"column":17},"end":{"line":16,"column":30}}]},"3":{"loc":{"start":{"line":16,"column":17},"end":{"line":16,"column":26}},"type":"binary-expr","locations":[{"start":{"line":16,"column":17},"end":{"line":16,"column":26}},{"start":{"line":16,"column":17},"end":{"line":16,"column":26}}]},"4":{"loc":{"start":{"line":18,"column":4},"end":{"line":20,"column":5}},"type":"if","locations":[{"start":{"line":18,"column":4},"end":{"line":20,"column":5}}]},"5":{"loc":{"start":{"line":18,"column":8},"end":{"line":18,"column":23}},"type":"binary-expr","locations":[{"start":{"line":18,"column":8},"end":{"line":18,"column":14}},{"start":{"line":18,"column":18},"end":{"line":18,"column":23}}]},"6":{"loc":{"start":{"line":24,"column":18},"end":{"line":24,"column":57}},"type":"binary-expr","locations":[{"start":{"line":24,"column":18},"end":{"line":24,"column":32}},{"start":{"line":24,"column":36},"end":{"line":24,"column":57}}]},"7":{"loc":{"start":{"line":24,"column":18},"end":{"line":24,"column":32}},"type":"cond-expr","locations":[{"start":{"line":24,"column":25},"end":{"line":24,"column":27}},{"start":{"line":24,"column":18},"end":{"line":24,"column":32}}]},"8":{"loc":{"start":{"line":24,"column":18},"end":{"line":24,"column":27}},"type":"binary-expr","locations":[{"start":{"line":24,"column":18},"end":{"line":24,"column":27}},{"start":{"line":24,"column":18},"end":{"line":24,"column":27}}]},"9":{"loc":{"start":{"line":26,"column":4},"end":{"line":28,"column":5}},"type":"if","locations":[{"start":{"line":26,"column":4},"end":{"line":28,"column":5}}]},"10":{"loc":{"start":{"line":50,"column":4},"end":{"line":53,"column":5}},"type":"if","locations":[{"start":{"line":50,"column":4},"end":{"line":53,"column":5}}]},"11":{"loc":{"start":{"line":72,"column":4},"end":{"line":74,"column":5}},"type":"if","locations":[{"start":{"line":72,"column":4},"end":{"line":74,"column":5}}]},"12":{"loc":{"start":{"line":80,"column":4},"end":{"line":95,"column":5}},"type":"if","locations":[{"start":{"line":80,"column":4},"end":{"line":95,"column":5}}]},"13":{"loc":{"start":{"line":80,"column":8},"end":{"line":80,"column":49}},"type":"binary-expr","locations":[{"start":{"line":80,"column":8},"end":{"line":80,"column":34}},{"start":{"line":80,"column":38},"end":{"line":80,"column":49}}]},"14":{"loc":{"start":{"line":85,"column":6},"end":{"line":94,"column":7}},"type":"if","locations":[{"start":{"line":85,"column":6},"end":{"line":94,"column":7}},{"start":{"line":89,"column":13},"end":{"line":94,"column":7}}]},"15":{"loc":{"start":{"line":89,"column":13},"end":{"line":94,"column":7}},"type":"if","locations":[{"start":{"line":89,"column":13},"end":{"line":94,"column":7}}]},"16":{"loc":{"start":{"line":99,"column":4},"end":{"line":102,"column":5}},"type":"if","locations":[{"start":{"line":99,"column":4},"end":{"line":102,"column":5}}]},"17":{"loc":{"start":{"line":123,"column":18},"end":{"line":123,"column":57}},"type":"binary-expr","locations":[{"start":{"line":123,"column":18},"end":{"line":123,"column":32}},{"start":{"line":123,"column":36},"end":{"line":123,"column":57}}]},"18":{"loc":{"start":{"line":123,"column":18},"end":{"line":123,"column":32}},"type":"cond-expr","locations":[{"start":{"line":123,"column":25},"end":{"line":123,"column":27}},{"start":{"line":123,"column":18},"end":{"line":123,"column":32}}]},"19":{"loc":{"start":{"line":123,"column":18},"end":{"line":123,"column":27}},"type":"binary-expr","locations":[{"start":{"line":123,"column":18},"end":{"line":123,"column":27}},{"start":{"line":123,"column":18},"end":{"line":123,"column":27}}]},"20":{"loc":{"start":{"line":125,"column":4},"end":{"line":127,"column":5}},"type":"if","locations":[{"start":{"line":125,"column":4},"end":{"line":127,"column":5}}]},"21":{"loc":{"start":{"line":138,"column":4},"end":{"line":141,"column":5}},"type":"if","locations":[{"start":{"line":138,"column":4},"end":{"line":141,"column":5}}]}},"s":{"0":0,"1":0,"2":0,"3":0,"4":0,"5":0,"6":0,"7":0,"8":0,"9":0,"10":0,"11":0,"12":0,"13":0,"14":0,"15":0,"16":0,"17":0,"18":0,"19":0,"20":0,"21":0,"22":0,"23":0,"24":0,"25":0,"26":0,"27":0,"28":0,"29":0,"30":0,"31":0,"32":0,"33":0,"34":0,"35":0,"36":0,"37":0,"38":0,"39":0,"40":0,"41":0,"42":0,"43":0,"44":0,"45":0,"46":0,"47":0,"48":0,"49":0,"50":0,"51":0,"52":0,"53":0,"54":0,"55":0,"56":0,"57":0,"58":0,"59":0,"60":0,"61":0,"62":0,"63":0,"64":0,"65":0,"66":0,"67":0},"f":{"0":0,"1":0,"2":0},"b":{"0":[0,0],"1":[0,0],"2":[0,0],"3":[0,0],"4":[0],"5":[0,0],"6":[0,0],"7":[0,0],"8":[0,0],"9":[0],"10":[0],"11":[0],"12":[0],"13":[0,0],"14":[0,0],"15":[0],"16":[0],"17":[0,0],"18":[0,0],"19":[0,0],"20":[0],"21":[0]}}
,"/workspaces/Stone/src/claude/generator.ts": {"path":"/workspaces/Stone/src/claude/generator.ts","statementMap":{"0":{"start":{"line":1,"column":0},"end":{"line":1,"column":20}},"1":{"start":{"line":2,"column":0},"end":{"line":2,"column":24}},"2":{"start":{"line":9,"column":4},"end":{"line":9,"column":25}},"3":{"start":{"line":17,"column":22},"end":{"line":17,"column":81}},"4":{"start":{"line":18,"column":4},"end":{"line":20,"column":5}},"5":{"start":{"line":19,"column":6},"end":{"line":19,"column":51}},"6":{"start":{"line":23,"column":4},"end":{"line":30,"column":5}},"7":{"start":{"line":24,"column":30},"end":{"line":24,"column":57}},"8":{"start":{"line":25,"column":6},"end":{"line":29,"column":8}},"9":{"start":{"line":32,"column":4},"end":{"line":39,"column":5}},"10":{"start":{"line":33,"column":30},"end":{"line":33,"column":57}},"11":{"start":{"line":34,"column":6},"end":{"line":38,"column":8}},"12":{"start":{"line":41,"column":4},"end":{"line":48,"column":5}},"13":{"start":{"line":42,"column":35},"end":{"line":42,"column":67}},"14":{"start":{"line":43,"column":6},"end":{"line":47,"column":8}},"15":{"start":{"line":50,"column":4},"end":{"line":57,"column":5}},"16":{"start":{"line":51,"column":35},"end":{"line":51,"column":67}},"17":{"start":{"line":52,"column":6},"end":{"line":56,"column":8}},"18":{"start":{"line":59,"column":4},"end":{"line":66,"column":5}},"19":{"start":{"line":60,"column":35},"end":{"line":60,"column":67}},"20":{"start":{"line":61,"column":6},"end":{"line":65,"column":8}},"21":{"start":{"line":73,"column":4},"end":{"line":135,"column":2}},"22":{"start":{"line":142,"column":4},"end":{"line":200,"column":2}},"23":{"start":{"line":207,"column":4},"end":{"line":259,"column":2}},"24":{"start":{"line":266,"column":4},"end":{"line":310,"column":2}},"25":{"start":{"line":317,"column":4},"end":{"line":363,"column":2}},"26":{"start":{"line":5,"column":0},"end":{"line":5,"column":13}}},"fnMap":{"0":{"name":"(anonymous_1)","decl":{"start":{"line":8,"column":2},"end":{"line":8,"column":14}},"loc":{"start":{"line":8,"column":33},"end":{"line":10,"column":3}}},"1":{"name":"(anonymous_2)","decl":{"start":{"line":15,"column":9},"end":{"line":15,"column":14}},"loc":{"start":{"line":15,"column":34},"end":{"line":67,"column":3}}},"2":{"name":"(anonymous_3)","decl":{"start":{"line":72,"column":10},"end":{"line":72,"column":30}},"loc":{"start":{"line":72,"column":30},"end":{"line":136,"column":3}}},"3":{"name":"(anonymous_4)","decl":{"start":{"line":141,"column":10},"end":{"line":141,"column":30}},"loc":{"start":{"line":141,"column":30},"end":{"line":201,"column":3}}},"4":{"name":"(anonymous_5)","decl":{"start":{"line":206,"column":10},"end":{"line":206,"column":35}},"loc":{"start":{"line":206,"column":35},"end":{"line":260,"column":3}}},"5":{"name":"(anonymous_6)","decl":{"start":{"line":265,"column":10},"end":{"line":265,"column":35}},"loc":{"start":{"line":265,"column":35},"end":{"line":311,"column":3}}},"6":{"name":"(anonymous_7)","decl":{"start":{"line":316,"column":10},"end":{"line":316,"column":35}},"loc":{"start":{"line":316,"column":35},"end":{"line":364,"column":3}}}},"branchMap":{"0":{"loc":{"start":{"line":18,"column":4},"end":{"line":20,"column":5}},"type":"if","locations":[{"start":{"line":18,"column":4},"end":{"line":20,"column":5}}]},"1":{"loc":{"start":{"line":23,"column":4},"end":{"line":30,"column":5}},"type":"if","locations":[{"start":{"line":23,"column":4},"end":{"line":30,"column":5}}]},"2":{"loc":{"start":{"line":32,"column":4},"end":{"line":39,"column":5}},"type":"if","locations":[{"start":{"line":32,"column":4},"end":{"line":39,"column":5}}]},"3":{"loc":{"start":{"line":41,"column":4},"end":{"line":48,"column":5}},"type":"if","locations":[{"start":{"line":41,"column":4},"end":{"line":48,"column":5}}]},"4":{"loc":{"start":{"line":50,"column":4},"end":{"line":57,"column":5}},"type":"if","locations":[{"start":{"line":50,"column":4},"end":{"line":57,"column":5}}]},"5":{"loc":{"start":{"line":59,"column":4},"end":{"line":66,"column":5}},"type":"if","locations":[{"start":{"line":59,"column":4},"end":{"line":66,"column":5}}]}},"s":{"0":0,"1":0,"2":0,"3":0,"4":0,"5":0,"6":0,"7":0,"8":0,"9":0,"10":0,"11":0,"12":0,"13":0,"14":0,"15":0,"16":0,"17":0,"18":0,"19":0,"20":0,"21":0,"22":0,"23":0,"24":0,"25":0,"26":0},"f":{"0":0,"1":0,"2":0,"3":0,"4":0,"5":0,"6":0},"b":{"0":[0],"1":[0],"2":[0],"3":[0],"4":[0],"5":[0]}}
,"/workspaces/Stone/src/claude/index.ts": {"path":"/workspaces/Stone/src/claude/index.ts","statementMap":{"0":{"start":{"line":1,"column":0},"end":{"line":1,"column":28}}},"fnMap":{},"branchMap":{},"s":{"0":0},"f":{},"b":{}}
,"/workspaces/Stone/src/cli/index.ts": {"path":"/workspaces/Stone/src/cli/index.ts","statementMap":{"0":{"start":{"line":3,"column":0},"end":{"line":3,"column":36}},"1":{"start":{"line":4,"column":0},"end":{"line":4,"column":46}},"2":{"start":{"line":5,"column":0},"end":{"line":5,"column":52}},"3":{"start":{"line":6,"column":0},"end":{"line":6,"column":50}},"4":{"start":{"line":7,"column":0},"end":{"line":7,"column":44}},"5":{"start":{"line":8,"column":0},"end":{"line":8,"column":48}},"6":{"start":{"line":9,"column":0},"end":{"line":9,"column":41}},"7":{"start":{"line":11,"column":15},"end":{"line":11,"column":27}},"8":{"start":{"line":14,"column":16},"end":{"line":14,"column":29}},"9":{"start":{"line":16,"column":0},"end":{"line":19,"column":20}},"10":{"start":{"line":22,"column":0},"end":{"line":22,"column":21}},"11":{"start":{"line":23,"column":0},"end":{"line":23,"column":24}},"12":{"start":{"line":24,"column":0},"end":{"line":24,"column":23}},"13":{"start":{"line":25,"column":0},"end":{"line":25,"column":20}},"14":{"start":{"line":26,"column":0},"end":{"line":26,"column":22}},"15":{"start":{"line":29,"column":0},"end":{"line":29,"column":23}},"16":{"start":{"line":31,"column":0},"end":{"line":38,"column":1}},"17":{"start":{"line":32,"column":2},"end":{"line":32,"column":30}},"18":{"start":{"line":34,"column":2},"end":{"line":37,"column":3}},"19":{"start":{"line":35,"column":4},"end":{"line":35,"column":32}},"20":{"start":{"line":36,"column":4},"end":{"line":36,"column":20}}},"fnMap":{},"branchMap":{"0":{"loc":{"start":{"line":34,"column":2},"end":{"line":37,"column":3}},"type":"if","locations":[{"start":{"line":34,"column":2},"end":{"line":37,"column":3}}]}},"s":{"0":0,"1":0,"2":0,"3":0,"4":0,"5":0,"6":0,"7":0,"8":0,"9":0,"10":0,"11":0,"12":0,"13":0,"14":0,"15":0,"16":0,"17":0,"18":0,"19":0,"20":0},"f":{},"b":{"0":[0]}}
,"/workspaces/Stone/src/cli/commands/init.ts": {"path":"/workspaces/Stone/src/cli/commands/init.ts","statementMap":{"0":{"start":{"line":15,"column":0},"end":{"line":15,"column":16}},"1":{"start":{"line":2,"column":0},"end":{"line":2,"column":47}},"2":{"start":{"line":3,"column":0},"end":{"line":3,"column":42}},"3":{"start":{"line":4,"column":0},"end":{"line":4,"column":51}},"4":{"start":{"line":5,"column":0},"end":{"line":5,"column":44}},"5":{"start":{"line":6,"column":0},"end":{"line":6,"column":64}},"6":{"start":{"line":7,"column":0},"end":{"line":7,"column":51}},"7":{"start":{"line":8,"column":0},"end":{"line":8,"column":51}},"8":{"start":{"line":9,"column":0},"end":{"line":9,"column":25}},"9":{"start":{"line":10,"column":0},"end":{"line":10,"column":29}},"10":{"start":{"line":13,"column":15},"end":{"line":13,"column":27}},"11":{"start":{"line":16,"column":2},"end":{"line":133,"column":7}},"12":{"start":{"line":23,"column":6},"end":{"line":132,"column":7}},"13":{"start":{"line":24,"column":8},"end":{"line":24,"column":45}},"14":{"start":{"line":27,"column":20},"end":{"line":27,"column":33}},"15":{"start":{"line":28,"column":19},"end":{"line":28,"column":31}},"16":{"start":{"line":31,"column":8},"end":{"line":47,"column":9}},"17":{"start":{"line":32,"column":10},"end":{"line":46,"column":11}},"18":{"start":{"line":33,"column":30},"end":{"line":36,"column":21}},"19":{"start":{"line":39,"column":26},"end":{"line":39,"column":88}},"20":{"start":{"line":40,"column":12},"end":{"line":43,"column":13}},"21":{"start":{"line":41,"column":14},"end":{"line":41,"column":40}},"22":{"start":{"line":42,"column":14},"end":{"line":42,"column":38}},"23":{"start":{"line":50,"column":8},"end":{"line":52,"column":9}},"24":{"start":{"line":51,"column":10},"end":{"line":51,"column":86}},"25":{"start":{"line":54,"column":8},"end":{"line":56,"column":9}},"26":{"start":{"line":55,"column":10},"end":{"line":55,"column":84}},"27":{"start":{"line":58,"column":8},"end":{"line":58,"column":52}},"28":{"start":{"line":61,"column":21},"end":{"line":61,"column":37}},"29":{"start":{"line":64,"column":20},"end":{"line":64,"column":58}},"30":{"start":{"line":66,"column":8},"end":{"line":68,"column":9}},"31":{"start":{"line":67,"column":10},"end":{"line":67,"column":122}},"32":{"start":{"line":71,"column":24},"end":{"line":71,"column":55}},"33":{"start":{"line":72,"column":8},"end":{"line":74,"column":9}},"34":{"start":{"line":73,"column":10},"end":{"line":73,"column":117}},"35":{"start":{"line":77,"column":8},"end":{"line":77,"column":36}},"36":{"start":{"line":80,"column":26},"end":{"line":80,"column":47}},"37":{"start":{"line":81,"column":23},"end":{"line":81,"column":60}},"38":{"start":{"line":84,"column":8},"end":{"line":84,"column":50}},"39":{"start":{"line":87,"column":23},"end":{"line":87,"column":54}},"40":{"start":{"line":90,"column":29},"end":{"line":90,"column":61}},"41":{"start":{"line":91,"column":8},"end":{"line":91,"column":42}},"42":{"start":{"line":92,"column":8},"end":{"line":92,"column":62}},"43":{"start":{"line":95,"column":34},"end":{"line":95,"column":76}},"44":{"start":{"line":96,"column":8},"end":{"line":96,"column":55}},"45":{"start":{"line":97,"column":8},"end":{"line":97,"column":65}},"46":{"start":{"line":100,"column":32},"end":{"line":100,"column":63}},"47":{"start":{"line":101,"column":8},"end":{"line":101,"column":52}},"48":{"start":{"line":102,"column":8},"end":{"line":102,"column":58}},"49":{"start":{"line":105,"column":27},"end":{"line":105,"column":84}},"50":{"start":{"line":106,"column":30},"end":{"line":122,"column":2}},"51":{"start":{"line":123,"column":8},"end":{"line":123,"column":60}},"52":{"start":{"line":125,"column":8},"end":{"line":125,"column":58}},"53":{"start":{"line":126,"column":8},"end":{"line":126,"column":136}},"54":{"start":{"line":128,"column":8},"end":{"line":131,"column":9}},"55":{"start":{"line":129,"column":10},"end":{"line":129,"column":66}},"56":{"start":{"line":130,"column":10},"end":{"line":130,"column":26}}},"fnMap":{"0":{"name":"initCommand","decl":{"start":{"line":15,"column":16},"end":{"line":15,"column":27}},"loc":{"start":{"line":15,"column":44},"end":{"line":134,"column":1}}},"1":{"name":"(anonymous_10)","decl":{"start":{"line":22,"column":12},"end":{"line":22,"column":17}},"loc":{"start":{"line":22,"column":30},"end":{"line":133,"column":5}}}},"branchMap":{"0":{"loc":{"start":{"line":31,"column":8},"end":{"line":47,"column":9}},"type":"if","locations":[{"start":{"line":31,"column":8},"end":{"line":47,"column":9}}]},"1":{"loc":{"start":{"line":31,"column":12},"end":{"line":31,"column":27}},"type":"binary-expr","locations":[{"start":{"line":31,"column":12},"end":{"line":31,"column":18}},{"start":{"line":31,"column":22},"end":{"line":31,"column":27}}]},"2":{"loc":{"start":{"line":40,"column":12},"end":{"line":43,"column":13}},"type":"if","locations":[{"start":{"line":40,"column":12},"end":{"line":43,"column":13}}]},"3":{"loc":{"start":{"line":41,"column":22},"end":{"line":41,"column":39}},"type":"binary-expr","locations":[{"start":{"line":41,"column":22},"end":{"line":41,"column":27}},{"start":{"line":41,"column":31},"end":{"line":41,"column":39}}]},"4":{"loc":{"start":{"line":42,"column":21},"end":{"line":42,"column":37}},"type":"binary-expr","locations":[{"start":{"line":42,"column":21},"end":{"line":42,"column":25}},{"start":{"line":42,"column":29},"end":{"line":42,"column":37}}]},"5":{"loc":{"start":{"line":50,"column":8},"end":{"line":52,"column":9}},"type":"if","locations":[{"start":{"line":50,"column":8},"end":{"line":52,"column":9}}]},"6":{"loc":{"start":{"line":54,"column":8},"end":{"line":56,"column":9}},"type":"if","locations":[{"start":{"line":54,"column":8},"end":{"line":56,"column":9}}]},"7":{"loc":{"start":{"line":64,"column":20},"end":{"line":64,"column":58}},"type":"binary-expr","locations":[{"start":{"line":64,"column":20},"end":{"line":64,"column":33}},{"start":{"line":64,"column":37},"end":{"line":64,"column":58}}]},"8":{"loc":{"start":{"line":66,"column":8},"end":{"line":68,"column":9}},"type":"if","locations":[{"start":{"line":66,"column":8},"end":{"line":68,"column":9}}]},"9":{"loc":{"start":{"line":72,"column":8},"end":{"line":74,"column":9}},"type":"if","locations":[{"start":{"line":72,"column":8},"end":{"line":74,"column":9}}]},"10":{"loc":{"start":{"line":128,"column":8},"end":{"line":131,"column":9}},"type":"if","locations":[{"start":{"line":128,"column":8},"end":{"line":131,"column":9}}]}},"s":{"0":0,"1":0,"2":0,"3":0,"4":0,"5":0,"6":0,"7":0,"8":0,"9":0,"10":0,"11":0,"12":0,"13":0,"14":0,"15":0,"16":0,"17":0,"18":0,"19":0,"20":0,"21":0,"22":0,"23":0,"24":0,"25":0,"26":0,"27":0,"28":0,"29":0,"30":0,"31":0,"32":0,"33":0,"34":0,"35":0,"36":0,"37":0,"38":0,"39":0,"40":0,"41":0,"42":0,"43":0,"44":0,"45":0,"46":0,"47":0,"48":0,"49":0,"50":0,"51":0,"52":0,"53":0,"54":0,"55":0,"56":0},"f":{"0":0,"1":0},"b":{"0":[0],"1":[0,0],"2":[0],"3":[0,0],"4":[0,0],"5":[0],"6":[0],"7":[0,0],"8":[0],"9":[0],"10":[0]}}
,"/workspaces/Stone/src/cli/commands/process.ts": {"path":"/workspaces/Stone/src/cli/commands/process.ts","statementMap":{"0":{"start":{"line":9,"column":0},"end":{"line":9,"column":16}},"1":{"start":{"line":2,"column":0},"end":{"line":2,"column":44}},"2":{"start":{"line":3,"column":0},"end":{"line":3,"column":70}},"3":{"start":{"line":4,"column":0},"end":{"line":4,"column":44}},"4":{"start":{"line":7,"column":15},"end":{"line":7,"column":27}},"5":{"start":{"line":10,"column":2},"end":{"line":51,"column":7}},"6":{"start":{"line":15,"column":6},"end":{"line":50,"column":7}},"7":{"start":{"line":16,"column":28},"end":{"line":16,"column":55}},"8":{"start":{"line":18,"column":8},"end":{"line":20,"column":9}},"9":{"start":{"line":19,"column":10},"end":{"line":19,"column":50}},"10":{"start":{"line":22,"column":8},"end":{"line":22,"column":59}},"11":{"start":{"line":25,"column":29},"end":{"line":25,"column":47}},"12":{"start":{"line":26,"column":23},"end":{"line":26,"column":48}},"13":{"start":{"line":29,"column":21},"end":{"line":29,"column":37}},"14":{"start":{"line":30,"column":22},"end":{"line":30,"column":43}},"15":{"start":{"line":32,"column":8},"end":{"line":34,"column":9}},"16":{"start":{"line":33,"column":10},"end":{"line":33,"column":96}},"17":{"start":{"line":37,"column":23},"end":{"line":37,"column":54}},"18":{"start":{"line":38,"column":29},"end":{"line":38,"column":61}},"19":{"start":{"line":41,"column":22},"end":{"line":41,"column":66}},"20":{"start":{"line":43,"column":8},"end":{"line":43,"column":72}},"21":{"start":{"line":44,"column":8},"end":{"line":44,"column":47}},"22":{"start":{"line":46,"column":8},"end":{"line":49,"column":9}},"23":{"start":{"line":47,"column":10},"end":{"line":47,"column":68}},"24":{"start":{"line":48,"column":10},"end":{"line":48,"column":26}}},"fnMap":{"0":{"name":"processCommand","decl":{"start":{"line":9,"column":16},"end":{"line":9,"column":30}},"loc":{"start":{"line":9,"column":47},"end":{"line":52,"column":1}}},"1":{"name":"(anonymous_1)","decl":{"start":{"line":14,"column":12},"end":{"line":14,"column":17}},"loc":{"start":{"line":14,"column":30},"end":{"line":51,"column":5}}}},"branchMap":{"0":{"loc":{"start":{"line":18,"column":8},"end":{"line":20,"column":9}},"type":"if","locations":[{"start":{"line":18,"column":8},"end":{"line":20,"column":9}}]},"1":{"loc":{"start":{"line":18,"column":12},"end":{"line":18,"column":50}},"type":"binary-expr","locations":[{"start":{"line":18,"column":12},"end":{"line":18,"column":30}},{"start":{"line":18,"column":34},"end":{"line":18,"column":50}}]},"2":{"loc":{"start":{"line":32,"column":8},"end":{"line":34,"column":9}},"type":"if","locations":[{"start":{"line":32,"column":8},"end":{"line":34,"column":9}}]},"3":{"loc":{"start":{"line":46,"column":8},"end":{"line":49,"column":9}},"type":"if","locations":[{"start":{"line":46,"column":8},"end":{"line":49,"column":9}}]}},"s":{"0":0,"1":0,"2":0,"3":0,"4":0,"5":0,"6":0,"7":0,"8":0,"9":0,"10":0,"11":0,"12":0,"13":0,"14":0,"15":0,"16":0,"17":0,"18":0,"19":0,"20":0,"21":0,"22":0,"23":0,"24":0},"f":{"0":0,"1":0},"b":{"0":[0],"1":[0,0],"2":[0],"3":[0]}}
,"/workspaces/Stone/src/cli/commands/reset.ts": {"path":"/workspaces/Stone/src/cli/commands/reset.ts","statementMap":{"0":{"start":{"line":9,"column":0},"end":{"line":9,"column":16}},"1":{"start":{"line":2,"column":0},"end":{"line":2,"column":44}},"2":{"start":{"line":3,"column":0},"end":{"line":3,"column":56}},"3":{"start":{"line":4,"column":0},"end":{"line":4,"column":44}},"4":{"start":{"line":7,"column":15},"end":{"line":7,"column":27}},"5":{"start":{"line":10,"column":2},"end":{"line":74,"column":7}},"6":{"start":{"line":15,"column":6},"end":{"line":73,"column":7}},"7":{"start":{"line":16,"column":28},"end":{"line":16,"column":55}},"8":{"start":{"line":18,"column":8},"end":{"line":20,"column":9}},"9":{"start":{"line":19,"column":10},"end":{"line":19,"column":50}},"10":{"start":{"line":22,"column":8},"end":{"line":22,"column":58}},"11":{"start":{"line":25,"column":29},"end":{"line":25,"column":47}},"12":{"start":{"line":26,"column":23},"end":{"line":26,"column":48}},"13":{"start":{"line":29,"column":21},"end":{"line":29,"column":37}},"14":{"start":{"line":30,"column":22},"end":{"line":30,"column":43}},"15":{"start":{"line":32,"column":8},"end":{"line":34,"column":9}},"16":{"start":{"line":33,"column":10},"end":{"line":33,"column":96}},"17":{"start":{"line":37,"column":23},"end":{"line":37,"column":54}},"18":{"start":{"line":40,"column":32},"end":{"line":40,"column":66}},"19":{"start":{"line":43,"column":28},"end":{"line":46,"column":75}},"20":{"start":{"line":44,"column":31},"end":{"line":44,"column":77}},"21":{"start":{"line":46,"column":48},"end":{"line":46,"column":74}},"22":{"start":{"line":48,"column":8},"end":{"line":56,"column":9}},"23":{"start":{"line":49,"column":10},"end":{"line":55,"column":11}},"24":{"start":{"line":50,"column":12},"end":{"line":54,"column":13}},"25":{"start":{"line":51,"column":14},"end":{"line":51,"column":68}},"26":{"start":{"line":59,"column":8},"end":{"line":59,"column":81}},"27":{"start":{"line":62,"column":8},"end":{"line":65,"column":10}},"28":{"start":{"line":67,"column":8},"end":{"line":67,"column":77}},"29":{"start":{"line":69,"column":8},"end":{"line":72,"column":9}},"30":{"start":{"line":70,"column":10},"end":{"line":70,"column":66}},"31":{"start":{"line":71,"column":10},"end":{"line":71,"column":26}}},"fnMap":{"0":{"name":"resetCommand","decl":{"start":{"line":9,"column":16},"end":{"line":9,"column":28}},"loc":{"start":{"line":9,"column":45},"end":{"line":75,"column":1}}},"1":{"name":"(anonymous_1)","decl":{"start":{"line":14,"column":12},"end":{"line":14,"column":17}},"loc":{"start":{"line":14,"column":30},"end":{"line":74,"column":5}}},"2":{"name":"(anonymous_2)","decl":{"start":{"line":44,"column":15},"end":{"line":44,"column":16}},"loc":{"start":{"line":44,"column":31},"end":{"line":44,"column":77}}},"3":{"name":"(anonymous_3)","decl":{"start":{"line":46,"column":18},"end":{"line":46,"column":19}},"loc":{"start":{"line":46,"column":48},"end":{"line":46,"column":74}}}},"branchMap":{"0":{"loc":{"start":{"line":18,"column":8},"end":{"line":20,"column":9}},"type":"if","locations":[{"start":{"line":18,"column":8},"end":{"line":20,"column":9}}]},"1":{"loc":{"start":{"line":18,"column":12},"end":{"line":18,"column":50}},"type":"binary-expr","locations":[{"start":{"line":18,"column":12},"end":{"line":18,"column":30}},{"start":{"line":18,"column":34},"end":{"line":18,"column":50}}]},"2":{"loc":{"start":{"line":32,"column":8},"end":{"line":34,"column":9}},"type":"if","locations":[{"start":{"line":32,"column":8},"end":{"line":34,"column":9}}]},"3":{"loc":{"start":{"line":44,"column":31},"end":{"line":44,"column":77}},"type":"cond-expr","locations":[{"start":{"line":44,"column":59},"end":{"line":44,"column":64}},{"start":{"line":44,"column":67},"end":{"line":44,"column":77}}]},"4":{"loc":{"start":{"line":46,"column":48},"end":{"line":46,"column":74}},"type":"cond-expr","locations":[{"start":{"line":46,"column":52},"end":{"line":46,"column":54}},{"start":{"line":46,"column":48},"end":{"line":46,"column":74}}]},"5":{"loc":{"start":{"line":46,"column":48},"end":{"line":46,"column":54}},"type":"binary-expr","locations":[{"start":{"line":46,"column":48},"end":{"line":46,"column":54}},{"start":{"line":46,"column":48},"end":{"line":46,"column":54}}]},"6":{"loc":{"start":{"line":49,"column":10},"end":{"line":55,"column":11}},"type":"if","locations":[{"start":{"line":49,"column":10},"end":{"line":55,"column":11}}]},"7":{"loc":{"start":{"line":69,"column":8},"end":{"line":72,"column":9}},"type":"if","locations":[{"start":{"line":69,"column":8},"end":{"line":72,"column":9}}]}},"s":{"0":0,"1":0,"2":0,"3":0,"4":0,"5":0,"6":0,"7":0,"8":0,"9":0,"10":0,"11":0,"12":0,"13":0,"14":0,"15":0,"16":0,"17":0,"18":0,"19":0,"20":0,"21":0,"22":0,"23":0,"24":0,"25":0,"26":0,"27":0,"28":0,"29":0,"30":0,"31":0},"f":{"0":0,"1":0,"2":0,"3":0},"b":{"0":[0],"1":[0,0],"2":[0],"3":[0,0],"4":[0,0],"5":[0,0],"6":[0],"7":[0]}}
,"/workspaces/Stone/src/cli/commands/run.ts": {"path":"/workspaces/Stone/src/cli/commands/run.ts","statementMap":{"0":{"start":{"line":10,"column":0},"end":{"line":10,"column":16}},"1":{"start":{"line":2,"column":0},"end":{"line":2,"column":44}},"2":{"start":{"line":3,"column":0},"end":{"line":3,"column":56}},"3":{"start":{"line":4,"column":0},"end":{"line":4,"column":44}},"4":{"start":{"line":5,"column":0},"end":{"line":5,"column":47}},"5":{"start":{"line":8,"column":15},"end":{"line":8,"column":27}},"6":{"start":{"line":11,"column":2},"end":{"line":61,"column":7}},"7":{"start":{"line":17,"column":6},"end":{"line":60,"column":7}},"8":{"start":{"line":18,"column":28},"end":{"line":18,"column":55}},"9":{"start":{"line":19,"column":29},"end":{"line":19,"column":59}},"10":{"start":{"line":21,"column":8},"end":{"line":23,"column":9}},"11":{"start":{"line":22,"column":10},"end":{"line":22,"column":50}},"12":{"start":{"line":26,"column":31},"end":{"line":26,"column":96}},"13":{"start":{"line":27,"column":8},"end":{"line":29,"column":9}},"14":{"start":{"line":28,"column":10},"end":{"line":28,"column":97}},"15":{"start":{"line":31,"column":8},"end":{"line":31,"column":85}},"16":{"start":{"line":34,"column":29},"end":{"line":34,"column":47}},"17":{"start":{"line":35,"column":23},"end":{"line":35,"column":48}},"18":{"start":{"line":38,"column":21},"end":{"line":38,"column":37}},"19":{"start":{"line":39,"column":22},"end":{"line":39,"column":43}},"20":{"start":{"line":41,"column":8},"end":{"line":43,"column":9}},"21":{"start":{"line":42,"column":10},"end":{"line":42,"column":96}},"22":{"start":{"line":46,"column":23},"end":{"line":46,"column":54}},"23":{"start":{"line":49,"column":25},"end":{"line":49,"column":58}},"24":{"start":{"line":52,"column":8},"end":{"line":52,"column":62}},"25":{"start":{"line":54,"column":8},"end":{"line":54,"column":88}},"26":{"start":{"line":56,"column":8},"end":{"line":59,"column":9}},"27":{"start":{"line":57,"column":10},"end":{"line":57,"column":67}},"28":{"start":{"line":58,"column":10},"end":{"line":58,"column":26}}},"fnMap":{"0":{"name":"runCommand","decl":{"start":{"line":10,"column":16},"end":{"line":10,"column":26}},"loc":{"start":{"line":10,"column":43},"end":{"line":62,"column":1}}},"1":{"name":"(anonymous_1)","decl":{"start":{"line":16,"column":12},"end":{"line":16,"column":17}},"loc":{"start":{"line":16,"column":30},"end":{"line":61,"column":5}}}},"branchMap":{"0":{"loc":{"start":{"line":21,"column":8},"end":{"line":23,"column":9}},"type":"if","locations":[{"start":{"line":21,"column":8},"end":{"line":23,"column":9}}]},"1":{"loc":{"start":{"line":21,"column":12},"end":{"line":21,"column":50}},"type":"binary-expr","locations":[{"start":{"line":21,"column":12},"end":{"line":21,"column":30}},{"start":{"line":21,"column":34},"end":{"line":21,"column":50}}]},"2":{"loc":{"start":{"line":27,"column":8},"end":{"line":29,"column":9}},"type":"if","locations":[{"start":{"line":27,"column":8},"end":{"line":29,"column":9}}]},"3":{"loc":{"start":{"line":41,"column":8},"end":{"line":43,"column":9}},"type":"if","locations":[{"start":{"line":41,"column":8},"end":{"line":43,"column":9}}]},"4":{"loc":{"start":{"line":56,"column":8},"end":{"line":59,"column":9}},"type":"if","locations":[{"start":{"line":56,"column":8},"end":{"line":59,"column":9}}]}},"s":{"0":0,"1":0,"2":0,"3":0,"4":0,"5":0,"6":0,"7":0,"8":0,"9":0,"10":0,"11":0,"12":0,"13":0,"14":0,"15":0,"16":0,"17":0,"18":0,"19":0,"20":0,"21":0,"22":0,"23":0,"24":0,"25":0,"26":0,"27":0,"28":0},"f":{"0":0,"1":0},"b":{"0":[0],"1":[0,0],"2":[0],"3":[0],"4":[0]}}
,"/workspaces/Stone/src/cli/commands/status.ts": {"path":"/workspaces/Stone/src/cli/commands/status.ts","statementMap":{"0":{"start":{"line":10,"column":0},"end":{"line":10,"column":16}},"1":{"start":{"line":2,"column":0},"end":{"line":2,"column":44}},"2":{"start":{"line":3,"column":0},"end":{"line":3,"column":70}},"3":{"start":{"line":4,"column":0},"end":{"line":4,"column":44}},"4":{"start":{"line":5,"column":0},"end":{"line":5,"column":26}},"5":{"start":{"line":8,"column":15},"end":{"line":8,"column":27}},"6":{"start":{"line":11,"column":2},"end":{"line":99,"column":7}},"7":{"start":{"line":16,"column":6},"end":{"line":98,"column":7}},"8":{"start":{"line":18,"column":29},"end":{"line":18,"column":47}},"9":{"start":{"line":19,"column":23},"end":{"line":19,"column":48}},"10":{"start":{"line":22,"column":21},"end":{"line":22,"column":37}},"11":{"start":{"line":23,"column":22},"end":{"line":23,"column":43}},"12":{"start":{"line":25,"column":8},"end":{"line":27,"column":9}},"13":{"start":{"line":26,"column":10},"end":{"line":26,"column":96}},"14":{"start":{"line":30,"column":23},"end":{"line":30,"column":54}},"15":{"start":{"line":31,"column":29},"end":{"line":31,"column":61}},"16":{"start":{"line":34,"column":28},"end":{"line":34,"column":63}},"17":{"start":{"line":36,"column":8},"end":{"line":39,"column":9}},"18":{"start":{"line":37,"column":10},"end":{"line":37,"column":48}},"19":{"start":{"line":38,"column":10},"end":{"line":38,"column":17}},"20":{"start":{"line":42,"column":8},"end":{"line":42,"column":70}},"21":{"start":{"line":43,"column":8},"end":{"line":43,"column":24}},"22":{"start":{"line":45,"column":8},"end":{"line":92,"column":9}},"23":{"start":{"line":47,"column":25},"end":{"line":49,"column":40}},"24":{"start":{"line":48,"column":12},"end":{"line":48,"column":66}},"25":{"start":{"line":52,"column":22},"end":{"line":52,"column":31}},"26":{"start":{"line":53,"column":22},"end":{"line":53,"column":33}},"27":{"start":{"line":55,"column":10},"end":{"line":85,"column":11}},"28":{"start":{"line":56,"column":12},"end":{"line":56,"column":30}},"29":{"start":{"line":57,"column":12},"end":{"line":57,"column":31}},"30":{"start":{"line":58,"column":17},"end":{"line":85,"column":11}},"31":{"start":{"line":59,"column":12},"end":{"line":59,"column":25}},"32":{"start":{"line":60,"column":12},"end":{"line":60,"column":30}},"33":{"start":{"line":61,"column":17},"end":{"line":85,"column":11}},"34":{"start":{"line":62,"column":12},"end":{"line":62,"column":30}},"35":{"start":{"line":63,"column":12},"end":{"line":63,"column":34}},"36":{"start":{"line":64,"column":17},"end":{"line":85,"column":11}},"37":{"start":{"line":65,"column":12},"end":{"line":65,"column":30}},"38":{"start":{"line":66,"column":12},"end":{"line":66,"column":32}},"39":{"start":{"line":67,"column":17},"end":{"line":85,"column":11}},"40":{"start":{"line":68,"column":12},"end":{"line":68,"column":28}},"41":{"start":{"line":69,"column":12},"end":{"line":69,"column":33}},"42":{"start":{"line":70,"column":17},"end":{"line":85,"column":11}},"43":{"start":{"line":71,"column":12},"end":{"line":71,"column":30}},"44":{"start":{"line":72,"column":12},"end":{"line":72,"column":31}},"45":{"start":{"line":73,"column":17},"end":{"line":85,"column":11}},"46":{"start":{"line":74,"column":12},"end":{"line":74,"column":27}},"47":{"start":{"line":75,"column":12},"end":{"line":75,"column":31}},"48":{"start":{"line":76,"column":17},"end":{"line":85,"column":11}},"49":{"start":{"line":77,"column":12},"end":{"line":77,"column":25}},"50":{"start":{"line":78,"column":12},"end":{"line":78,"column":34}},"51":{"start":{"line":79,"column":17},"end":{"line":85,"column":11}},"52":{"start":{"line":80,"column":12},"end":{"line":80,"column":31}},"53":{"start":{"line":81,"column":12},"end":{"line":81,"column":32}},"54":{"start":{"line":82,"column":17},"end":{"line":85,"column":11}},"55":{"start":{"line":83,"column":12},"end":{"line":83,"column":28}},"56":{"start":{"line":84,"column":12},"end":{"line":84,"column":30}},"57":{"start":{"line":88,"column":10},"end":{"line":88,"column":81}},"58":{"start":{"line":89,"column":10},"end":{"line":89,"column":50}},"59":{"start":{"line":90,"column":10},"end":{"line":90,"column":56}},"60":{"start":{"line":91,"column":10},"end":{"line":91,"column":26}},"61":{"start":{"line":94,"column":8},"end":{"line":97,"column":9}},"62":{"start":{"line":95,"column":10},"end":{"line":95,"column":65}},"63":{"start":{"line":96,"column":10},"end":{"line":96,"column":26}}},"fnMap":{"0":{"name":"statusCommand","decl":{"start":{"line":10,"column":16},"end":{"line":10,"column":29}},"loc":{"start":{"line":10,"column":46},"end":{"line":100,"column":1}}},"1":{"name":"(anonymous_2)","decl":{"start":{"line":15,"column":12},"end":{"line":15,"column":17}},"loc":{"start":{"line":15,"column":30},"end":{"line":99,"column":5}}},"2":{"name":"(anonymous_3)","decl":{"start":{"line":47,"column":42},"end":{"line":47,"column":43}},"loc":{"start":{"line":47,"column":57},"end":{"line":49,"column":11}}}},"branchMap":{"0":{"loc":{"start":{"line":25,"column":8},"end":{"line":27,"column":9}},"type":"if","locations":[{"start":{"line":25,"column":8},"end":{"line":27,"column":9}}]},"1":{"loc":{"start":{"line":36,"column":8},"end":{"line":39,"column":9}},"type":"if","locations":[{"start":{"line":36,"column":8},"end":{"line":39,"column":9}}]},"2":{"loc":{"start":{"line":48,"column":19},"end":{"line":48,"column":65}},"type":"cond-expr","locations":[{"start":{"line":48,"column":47},"end":{"line":48,"column":52}},{"start":{"line":48,"column":55},"end":{"line":48,"column":65}}]},"3":{"loc":{"start":{"line":55,"column":10},"end":{"line":85,"column":11}},"type":"if","locations":[{"start":{"line":55,"column":10},"end":{"line":85,"column":11}},{"start":{"line":58,"column":17},"end":{"line":85,"column":11}}]},"4":{"loc":{"start":{"line":58,"column":17},"end":{"line":85,"column":11}},"type":"if","locations":[{"start":{"line":58,"column":17},"end":{"line":85,"column":11}},{"start":{"line":61,"column":17},"end":{"line":85,"column":11}}]},"5":{"loc":{"start":{"line":61,"column":17},"end":{"line":85,"column":11}},"type":"if","locations":[{"start":{"line":61,"column":17},"end":{"line":85,"column":11}},{"start":{"line":64,"column":17},"end":{"line":85,"column":11}}]},"6":{"loc":{"start":{"line":64,"column":17},"end":{"line":85,"column":11}},"type":"if","locations":[{"start":{"line":64,"column":17},"end":{"line":85,"column":11}},{"start":{"line":67,"column":17},"end":{"line":85,"column":11}}]},"7":{"loc":{"start":{"line":67,"column":17},"end":{"line":85,"column":11}},"type":"if","locations":[{"start":{"line":67,"column":17},"end":{"line":85,"column":11}},{"start":{"line":70,"column":17},"end":{"line":85,"column":11}}]},"8":{"loc":{"start":{"line":70,"column":17},"end":{"line":85,"column":11}},"type":"if","locations":[{"start":{"line":70,"column":17},"end":{"line":85,"column":11}},{"start":{"line":73,"column":17},"end":{"line":85,"column":11}}]},"9":{"loc":{"start":{"line":73,"column":17},"end":{"line":85,"column":11}},"type":"if","locations":[{"start":{"line":73,"column":17},"end":{"line":85,"column":11}},{"start":{"line":76,"column":17},"end":{"line":85,"column":11}}]},"10":{"loc":{"start":{"line":76,"column":17},"end":{"line":85,"column":11}},"type":"if","locations":[{"start":{"line":76,"column":17},"end":{"line":85,"column":11}},{"start":{"line":79,"column":17},"end":{"line":85,"column":11}}]},"11":{"loc":{"start":{"line":79,"column":17},"end":{"line":85,"column":11}},"type":"if","locations":[{"start":{"line":79,"column":17},"end":{"line":85,"column":11}},{"start":{"line":82,"column":17},"end":{"line":85,"column":11}}]},"12":{"loc":{"start":{"line":82,"column":17},"end":{"line":85,"column":11}},"type":"if","locations":[{"start":{"line":82,"column":17},"end":{"line":85,"column":11}}]},"13":{"loc":{"start":{"line":94,"column":8},"end":{"line":97,"column":9}},"type":"if","locations":[{"start":{"line":94,"column":8},"end":{"line":97,"column":9}}]}},"s":{"0":0,"1":0,"2":0,"3":0,"4":0,"5":0,"6":0,"7":0,"8":0,"9":0,"10":0,"11":0,"12":0,"13":0,"14":0,"15":0,"16":0,"17":0,"18":0,"19":0,"20":0,"21":0,"22":0,"23":0,"24":0,"25":0,"26":0,"27":0,"28":0,"29":0,"30":0,"31":0,"32":0,"33":0,"34":0,"35":0,"36":0,"37":0,"38":0,"39":0,"40":0,"41":0,"42":0,"43":0,"44":0,"45":0,"46":0,"47":0,"48":0,"49":0,"50":0,"51":0,"52":0,"53":0,"54":0,"55":0,"56":0,"57":0,"58":0,"59":0,"60":0,"61":0,"62":0,"63":0},"f":{"0":0,"1":0,"2":0},"b":{"0":[0],"1":[0],"2":[0,0],"3":[0,0],"4":[0,0],"5":[0,0],"6":[0,0],"7":[0,0],"8":[0,0],"9":[0,0],"10":[0,0],"11":[0,0],"12":[0],"13":[0]}}
,"/workspaces/Stone/src/config/analyzer.ts": {"path":"/workspaces/Stone/src/config/analyzer.ts","statementMap":{"0":{"start":{"line":1,"column":0},"end":{"line":1,"column":20}},"1":{"start":{"line":2,"column":0},"end":{"line":2,"column":24}},"2":{"start":{"line":8,"column":4},"end":{"line":8,"column":58}},"3":{"start":{"line":15,"column":74},"end":{"line":15,"column":76}},"4":{"start":{"line":18,"column":24},"end":{"line":18,"column":66}},"5":{"start":{"line":19,"column":4},"end":{"line":88,"column":5}},"6":{"start":{"line":21,"column":26},"end":{"line":21,"column":53}},"7":{"start":{"line":23,"column":6},"end":{"line":57,"column":7}},"8":{"start":{"line":24,"column":24},"end":{"line":24,"column":54}},"9":{"start":{"line":26,"column":8},"end":{"line":56,"column":9}},"10":{"start":{"line":28,"column":34},"end":{"line":28,"column":68}},"11":{"start":{"line":30,"column":10},"end":{"line":55,"column":11}},"12":{"start":{"line":31,"column":12},"end":{"line":47,"column":13}},"13":{"start":{"line":32,"column":34},"end":{"line":32,"column":86}},"14":{"start":{"line":33,"column":34},"end":{"line":33,"column":60}},"15":{"start":{"line":35,"column":14},"end":{"line":39,"column":17}},"16":{"start":{"line":42,"column":14},"end":{"line":46,"column":17}},"17":{"start":{"line":50,"column":12},"end":{"line":54,"column":15}},"18":{"start":{"line":60,"column":30},"end":{"line":60,"column":76}},"19":{"start":{"line":62,"column":6},"end":{"line":87,"column":7}},"20":{"start":{"line":63,"column":8},"end":{"line":79,"column":9}},"21":{"start":{"line":64,"column":30},"end":{"line":64,"column":82}},"22":{"start":{"line":65,"column":30},"end":{"line":65,"column":84}},"23":{"start":{"line":67,"column":10},"end":{"line":71,"column":13}},"24":{"start":{"line":74,"column":10},"end":{"line":78,"column":13}},"25":{"start":{"line":82,"column":8},"end":{"line":86,"column":11}},"26":{"start":{"line":90,"column":4},"end":{"line":90,"column":20}},"27":{"start":{"line":97,"column":28},"end":{"line":97,"column":74}},"28":{"start":{"line":99,"column":4},"end":{"line":118,"column":5}},"29":{"start":{"line":100,"column":6},"end":{"line":117,"column":7}},"30":{"start":{"line":101,"column":28},"end":{"line":101,"column":80}},"31":{"start":{"line":102,"column":32},"end":{"line":102,"column":65}},"32":{"start":{"line":103,"column":29},"end":{"line":103,"column":59}},"33":{"start":{"line":106,"column":8},"end":{"line":114,"column":9}},"34":{"start":{"line":107,"column":10},"end":{"line":107,"column":24}},"35":{"start":{"line":108,"column":15},"end":{"line":114,"column":9}},"36":{"start":{"line":109,"column":10},"end":{"line":109,"column":25}},"37":{"start":{"line":110,"column":15},"end":{"line":114,"column":9}},"38":{"start":{"line":111,"column":10},"end":{"line":111,"column":23}},"39":{"start":{"line":112,"column":15},"end":{"line":114,"column":9}},"40":{"start":{"line":113,"column":10},"end":{"line":113,"column":27}},"41":{"start":{"line":121,"column":4},"end":{"line":121,"column":18}},"42":{"start":{"line":4,"column":0},"end":{"line":4,"column":13}}},"fnMap":{"0":{"name":"(anonymous_1)","decl":{"start":{"line":7,"column":2},"end":{"line":7,"column":14}},"loc":{"start":{"line":7,"column":37},"end":{"line":9,"column":3}}},"1":{"name":"(anonymous_2)","decl":{"start":{"line":14,"column":9},"end":{"line":14,"column":14}},"loc":{"start":{"line":14,"column":30},"end":{"line":91,"column":3}}},"2":{"name":"(anonymous_3)","decl":{"start":{"line":96,"column":9},"end":{"line":96,"column":14}},"loc":{"start":{"line":96,"column":34},"end":{"line":122,"column":3}}}},"branchMap":{"0":{"loc":{"start":{"line":8,"column":26},"end":{"line":8,"column":57}},"type":"binary-expr","locations":[{"start":{"line":8,"column":26},"end":{"line":8,"column":40}},{"start":{"line":8,"column":44},"end":{"line":8,"column":57}}]},"1":{"loc":{"start":{"line":19,"column":4},"end":{"line":88,"column":5}},"type":"if","locations":[{"start":{"line":19,"column":4},"end":{"line":88,"column":5}},{"start":{"line":58,"column":11},"end":{"line":88,"column":5}}]},"2":{"loc":{"start":{"line":19,"column":8},"end":{"line":19,"column":76}},"type":"binary-expr","locations":[{"start":{"line":19,"column":8},"end":{"line":19,"column":34}},{"start":{"line":19,"column":38},"end":{"line":19,"column":76}}]},"3":{"loc":{"start":{"line":26,"column":8},"end":{"line":56,"column":9}},"type":"if","locations":[{"start":{"line":26,"column":8},"end":{"line":56,"column":9}}]},"4":{"loc":{"start":{"line":30,"column":10},"end":{"line":55,"column":11}},"type":"if","locations":[{"start":{"line":30,"column":10},"end":{"line":55,"column":11}},{"start":{"line":48,"column":17},"end":{"line":55,"column":11}}]},"5":{"loc":{"start":{"line":33,"column":34},"end":{"line":33,"column":60}},"type":"binary-expr","locations":[{"start":{"line":33,"column":34},"end":{"line":33,"column":50}},{"start":{"line":33,"column":54},"end":{"line":33,"column":60}}]},"6":{"loc":{"start":{"line":62,"column":6},"end":{"line":87,"column":7}},"type":"if","locations":[{"start":{"line":62,"column":6},"end":{"line":87,"column":7}},{"start":{"line":80,"column":13},"end":{"line":87,"column":7}}]},"7":{"loc":{"start":{"line":65,"column":30},"end":{"line":65,"column":84}},"type":"binary-expr","locations":[{"start":{"line":65,"column":30},"end":{"line":65,"column":46}},{"start":{"line":65,"column":50},"end":{"line":65,"column":84}}]},"8":{"loc":{"start":{"line":99,"column":4},"end":{"line":118,"column":5}},"type":"if","locations":[{"start":{"line":99,"column":4},"end":{"line":118,"column":5}}]},"9":{"loc":{"start":{"line":102,"column":32},"end":{"line":102,"column":65}},"type":"binary-expr","locations":[{"start":{"line":102,"column":32},"end":{"line":102,"column":59}},{"start":{"line":102,"column":63},"end":{"line":102,"column":65}}]},"10":{"loc":{"start":{"line":103,"column":29},"end":{"line":103,"column":59}},"type":"binary-expr","locations":[{"start":{"line":103,"column":29},"end":{"line":103,"column":53}},{"start":{"line":103,"column":57},"end":{"line":103,"column":59}}]},"11":{"loc":{"start":{"line":106,"column":8},"end":{"line":114,"column":9}},"type":"if","locations":[{"start":{"line":106,"column":8},"end":{"line":114,"column":9}},{"start":{"line":108,"column":15},"end":{"line":114,"column":9}}]},"12":{"loc":{"start":{"line":106,"column":12},"end":{"line":106,"column":53}},"type":"binary-expr","locations":[{"start":{"line":106,"column":12},"end":{"line":106,"column":32}},{"start":{"line":106,"column":36},"end":{"line":106,"column":53}}]},"13":{"loc":{"start":{"line":108,"column":15},"end":{"line":114,"column":9}},"type":"if","locations":[{"start":{"line":108,"column":15},"end":{"line":114,"column":9}},{"start":{"line":110,"column":15},"end":{"line":114,"column":9}}]},"14":{"loc":{"start":{"line":108,"column":19},"end":{"line":108,"column":62}},"type":"binary-expr","locations":[{"start":{"line":108,"column":19},"end":{"line":108,"column":40}},{"start":{"line":108,"column":44},"end":{"line":108,"column":62}}]},"15":{"loc":{"start":{"line":110,"column":15},"end":{"line":114,"column":9}},"type":"if","locations":[{"start":{"line":110,"column":15},"end":{"line":114,"column":9}},{"start":{"line":112,"column":15},"end":{"line":114,"column":9}}]},"16":{"loc":{"start":{"line":110,"column":19},"end":{"line":110,"column":58}},"type":"binary-expr","locations":[{"start":{"line":110,"column":19},"end":{"line":110,"column":38}},{"start":{"line":110,"column":42},"end":{"line":110,"column":58}}]},"17":{"loc":{"start":{"line":112,"column":15},"end":{"line":114,"column":9}},"type":"if","locations":[{"start":{"line":112,"column":15},"end":{"line":114,"column":9}}]},"18":{"loc":{"start":{"line":112,"column":19},"end":{"line":112,"column":66}},"type":"binary-expr","locations":[{"start":{"line":112,"column":19},"end":{"line":112,"column":42}},{"start":{"line":112,"column":46},"end":{"line":112,"column":66}}]}},"s":{"0":1,"1":1,"2":6,"3":3,"4":3,"5":3,"6":2,"7":2,"8":3,"9":3,"10":3,"11":3,"12":2,"13":2,"14":2,"15":2,"16":0,"17":1,"18":1,"19":1,"20":1,"21":1,"22":1,"23":1,"24":0,"25":0,"26":3,"27":3,"28":3,"29":3,"30":3,"31":3,"32":3,"33":3,"34":1,"35":2,"36":1,"37":1,"38":0,"39":1,"40":0,"41":1,"42":1},"f":{"0":6,"1":3,"2":3},"b":{"0":[6,0],"1":[2,1],"2":[3,2],"3":[3],"4":[2,1],"5":[2,0],"6":[1,0],"7":[1,0],"8":[3],"9":[3,0],"10":[3,3],"11":[1,2],"12":[3,2],"13":[1,1],"14":[2,1],"15":[0,1],"16":[1,1],"17":[0],"18":[1,1]}}
,"/workspaces/Stone/src/config/generator.ts": {"path":"/workspaces/Stone/src/config/generator.ts","statementMap":{"0":{"start":{"line":1,"column":0},"end":{"line":1,"column":20}},"1":{"start":{"line":2,"column":0},"end":{"line":2,"column":24}},"2":{"start":{"line":4,"column":0},"end":{"line":4,"column":40}},"3":{"start":{"line":5,"column":0},"end":{"line":5,"column":48}},"4":{"start":{"line":13,"column":4},"end":{"line":13,"column":58}},"5":{"start":{"line":14,"column":4},"end":{"line":14,"column":94}},"6":{"start":{"line":15,"column":4},"end":{"line":15,"column":64}},"7":{"start":{"line":23,"column":21},"end":{"line":23,"column":58}},"8":{"start":{"line":26,"column":32},"end":{"line":66,"column":6}},"9":{"start":{"line":69,"column":4},"end":{"line":69,"column":41}},"10":{"start":{"line":70,"column":4},"end":{"line":70,"column":18}},"11":{"start":{"line":77,"column":24},"end":{"line":81,"column":6}},"12":{"start":{"line":83,"column":4},"end":{"line":87,"column":5}},"13":{"start":{"line":84,"column":6},"end":{"line":86,"column":7}},"14":{"start":{"line":85,"column":8},"end":{"line":85,"column":47}},"15":{"start":{"line":7,"column":0},"end":{"line":7,"column":13}}},"fnMap":{"0":{"name":"(anonymous_1)","decl":{"start":{"line":12,"column":2},"end":{"line":12,"column":14}},"loc":{"start":{"line":12,"column":37},"end":{"line":16,"column":3}}},"1":{"name":"(anonymous_2)","decl":{"start":{"line":21,"column":9},"end":{"line":21,"column":14}},"loc":{"start":{"line":21,"column":51},"end":{"line":71,"column":3}}},"2":{"name":"(anonymous_3)","decl":{"start":{"line":76,"column":9},"end":{"line":76,"column":14}},"loc":{"start":{"line":76,"column":52},"end":{"line":88,"column":3}}}},"branchMap":{"0":{"loc":{"start":{"line":13,"column":26},"end":{"line":13,"column":57}},"type":"binary-expr","locations":[{"start":{"line":13,"column":26},"end":{"line":13,"column":40}},{"start":{"line":13,"column":44},"end":{"line":13,"column":57}}]},"1":{"loc":{"start":{"line":84,"column":6},"end":{"line":86,"column":7}},"type":"if","locations":[{"start":{"line":84,"column":6},"end":{"line":86,"column":7}}]}},"s":{"0":0,"1":0,"2":0,"3":0,"4":0,"5":0,"6":0,"7":0,"8":0,"9":0,"10":0,"11":0,"12":0,"13":0,"14":0,"15":0},"f":{"0":0,"1":0,"2":0},"b":{"0":[0,0],"1":[0]}}
,"/workspaces/Stone/src/config/index.ts": {"path":"/workspaces/Stone/src/config/index.ts","statementMap":{"0":{"start":{"line":1,"column":0},"end":{"line":1,"column":25}},"1":{"start":{"line":2,"column":0},"end":{"line":2,"column":25}},"2":{"start":{"line":3,"column":0},"end":{"line":3,"column":28}},"3":{"start":{"line":4,"column":0},"end":{"line":4,"column":27}}},"fnMap":{},"branchMap":{},"s":{"0":0,"1":0,"2":0,"3":0},"f":{},"b":{}}
,"/workspaces/Stone/src/config/loader.ts": {"path":"/workspaces/Stone/src/config/loader.ts","statementMap":{"0":{"start":{"line":1,"column":0},"end":{"line":1,"column":20}},"1":{"start":{"line":2,"column":0},"end":{"line":2,"column":24}},"2":{"start":{"line":3,"column":0},"end":{"line":3,"column":53}},"3":{"start":{"line":7,"column":10},"end":{"line":7,"column":44}},"4":{"start":{"line":10,"column":4},"end":{"line":10,"column":82}},"5":{"start":{"line":17,"column":4},"end":{"line":44,"column":5}},"6":{"start":{"line":19,"column":6},"end":{"line":21,"column":7}},"7":{"start":{"line":20,"column":8},"end":{"line":20,"column":76}},"8":{"start":{"line":24,"column":28},"end":{"line":24,"column":68}},"9":{"start":{"line":25,"column":27},"end":{"line":25,"column":52}},"10":{"start":{"line":28,"column":31},"end":{"line":31,"column":8}},"11":{"start":{"line":33,"column":6},"end":{"line":35,"column":7}},"12":{"start":{"line":34,"column":8},"end":{"line":34,"column":77}},"13":{"start":{"line":37,"column":6},"end":{"line":37,"column":41}},"14":{"start":{"line":38,"column":6},"end":{"line":38,"column":25}},"15":{"start":{"line":40,"column":6},"end":{"line":42,"column":7}},"16":{"start":{"line":41,"column":8},"end":{"line":41,"column":80}},"17":{"start":{"line":43,"column":6},"end":{"line":43,"column":18}},"18":{"start":{"line":51,"column":4},"end":{"line":57,"column":5}},"19":{"start":{"line":52,"column":28},"end":{"line":52,"column":59}},"20":{"start":{"line":53,"column":6},"end":{"line":53,"column":63}},"21":{"start":{"line":54,"column":6},"end":{"line":54,"column":27}},"22":{"start":{"line":56,"column":6},"end":{"line":56,"column":113}},"23":{"start":{"line":64,"column":4},"end":{"line":66,"column":5}},"24":{"start":{"line":65,"column":6},"end":{"line":65,"column":25}},"25":{"start":{"line":67,"column":4},"end":{"line":67,"column":23}},"26":{"start":{"line":5,"column":0},"end":{"line":5,"column":13}}},"fnMap":{"0":{"name":"(anonymous_1)","decl":{"start":{"line":9,"column":2},"end":{"line":9,"column":14}},"loc":{"start":{"line":9,"column":33},"end":{"line":11,"column":3}}},"1":{"name":"(anonymous_2)","decl":{"start":{"line":16,"column":9},"end":{"line":16,"column":14}},"loc":{"start":{"line":16,"column":19},"end":{"line":45,"column":3}}},"2":{"name":"(anonymous_3)","decl":{"start":{"line":50,"column":9},"end":{"line":50,"column":14}},"loc":{"start":{"line":50,"column":39},"end":{"line":58,"column":3}}},"3":{"name":"(anonymous_4)","decl":{"start":{"line":63,"column":9},"end":{"line":63,"column":14}},"loc":{"start":{"line":63,"column":24},"end":{"line":68,"column":3}}}},"branchMap":{"0":{"loc":{"start":{"line":10,"column":22},"end":{"line":10,"column":81}},"type":"binary-expr","locations":[{"start":{"line":10,"column":22},"end":{"line":10,"column":32}},{"start":{"line":10,"column":36},"end":{"line":10,"column":81}}]},"1":{"loc":{"start":{"line":19,"column":6},"end":{"line":21,"column":7}},"type":"if","locations":[{"start":{"line":19,"column":6},"end":{"line":21,"column":7}}]},"2":{"loc":{"start":{"line":33,"column":6},"end":{"line":35,"column":7}},"type":"if","locations":[{"start":{"line":33,"column":6},"end":{"line":35,"column":7}}]},"3":{"loc":{"start":{"line":40,"column":6},"end":{"line":42,"column":7}},"type":"if","locations":[{"start":{"line":40,"column":6},"end":{"line":42,"column":7}}]},"4":{"loc":{"start":{"line":56,"column":55},"end":{"line":56,"column":109}},"type":"cond-expr","locations":[{"start":{"line":56,"column":80},"end":{"line":56,"column":93}},{"start":{"line":56,"column":96},"end":{"line":56,"column":109}}]},"5":{"loc":{"start":{"line":64,"column":4},"end":{"line":66,"column":5}},"type":"if","locations":[{"start":{"line":64,"column":4},"end":{"line":66,"column":5}}]}},"s":{"0":1,"1":1,"2":1,"3":5,"4":5,"5":4,"6":4,"7":1,"8":3,"9":3,"10":3,"11":3,"12":0,"13":3,"14":3,"15":1,"16":0,"17":1,"18":1,"19":1,"20":1,"21":1,"22":0,"23":2,"24":1,"25":1,"26":1},"f":{"0":5,"1":4,"2":1,"3":2},"b":{"0":[5,0],"1":[1],"2":[0],"3":[0],"4":[0,0],"5":[1]}}
,"/workspaces/Stone/src/config/schema.ts": {"path":"/workspaces/Stone/src/config/schema.ts","statementMap":{"0":{"start":{"line":1,"column":0},"end":{"line":1,"column":22}},"1":{"start":{"line":3,"column":13},"end":{"line":57,"column":14}}},"fnMap":{},"branchMap":{},"s":{"0":2,"1":2},"f":{},"b":{}}
,"/workspaces/Stone/src/github/auth.ts": {"path":"/workspaces/Stone/src/github/auth.ts","statementMap":{"0":{"start":{"line":1,"column":0},"end":{"line":1,"column":20}},"1":{"start":{"line":2,"column":0},"end":{"line":2,"column":24}},"2":{"start":{"line":3,"column":0},"end":{"line":3,"column":20}},"3":{"start":{"line":9,"column":4},"end":{"line":9,"column":75}},"4":{"start":{"line":17,"column":4},"end":{"line":19,"column":5}},"5":{"start":{"line":18,"column":6},"end":{"line":18,"column":44}},"6":{"start":{"line":22,"column":4},"end":{"line":24,"column":5}},"7":{"start":{"line":23,"column":6},"end":{"line":23,"column":38}},"8":{"start":{"line":27,"column":4},"end":{"line":34,"column":5}},"9":{"start":{"line":28,"column":6},"end":{"line":31,"column":7}},"10":{"start":{"line":29,"column":28},"end":{"line":29,"column":79}},"11":{"start":{"line":30,"column":8},"end":{"line":30,"column":41}},"12":{"start":{"line":36,"column":4},"end":{"line":36,"column":16}},"13":{"start":{"line":43,"column":27},"end":{"line":43,"column":55}},"14":{"start":{"line":45,"column":4},"end":{"line":47,"column":5}},"15":{"start":{"line":46,"column":6},"end":{"line":46,"column":56}},"16":{"start":{"line":49,"column":24},"end":{"line":49,"column":33}},"17":{"start":{"line":50,"column":4},"end":{"line":50,"column":83}},"18":{"start":{"line":53,"column":4},"end":{"line":53,"column":40}},"19":{"start":{"line":60,"column":4},"end":{"line":87,"column":5}},"20":{"start":{"line":62,"column":22},"end":{"line":66,"column":8}},"21":{"start":{"line":68,"column":23},"end":{"line":70,"column":8}},"22":{"start":{"line":72,"column":6},"end":{"line":82,"column":7}},"23":{"start":{"line":74,"column":29},"end":{"line":74,"column":67}},"24":{"start":{"line":75,"column":8},"end":{"line":81,"column":9}},"25":{"start":{"line":76,"column":25},"end":{"line":76,"column":67}},"26":{"start":{"line":76,"column":58},"end":{"line":76,"column":66}},"27":{"start":{"line":77,"column":10},"end":{"line":80,"column":12}},"28":{"start":{"line":79,"column":29},"end":{"line":79,"column":51}},"29":{"start":{"line":84,"column":6},"end":{"line":84,"column":19}},"30":{"start":{"line":86,"column":6},"end":{"line":86,"column":19}},"31":{"start":{"line":5,"column":0},"end":{"line":5,"column":13}}},"fnMap":{"0":{"name":"(anonymous_1)","decl":{"start":{"line":8,"column":2},"end":{"line":8,"column":null}},"loc":{"start":{"line":8,"column":2},"end":{"line":10,"column":3}}},"1":{"name":"(anonymous_2)","decl":{"start":{"line":15,"column":9},"end":{"line":15,"column":14}},"loc":{"start":{"line":15,"column":23},"end":{"line":37,"column":3}}},"2":{"name":"(anonymous_3)","decl":{"start":{"line":42,"column":9},"end":{"line":42,"column":14}},"loc":{"start":{"line":42,"column":38},"end":{"line":54,"column":3}}},"3":{"name":"(anonymous_4)","decl":{"start":{"line":59,"column":9},"end":{"line":59,"column":14}},"loc":{"start":{"line":59,"column":42},"end":{"line":88,"column":3}}},"4":{"name":"(anonymous_5)","decl":{"start":{"line":76,"column":53},"end":{"line":76,"column":54}},"loc":{"start":{"line":76,"column":58},"end":{"line":76,"column":66}}},"5":{"name":"(anonymous_6)","decl":{"start":{"line":79,"column":24},"end":{"line":79,"column":25}},"loc":{"start":{"line":79,"column":29},"end":{"line":79,"column":51}}}},"branchMap":{"0":{"loc":{"start":{"line":17,"column":4},"end":{"line":19,"column":5}},"type":"if","locations":[{"start":{"line":17,"column":4},"end":{"line":19,"column":5}}]},"1":{"loc":{"start":{"line":22,"column":4},"end":{"line":24,"column":5}},"type":"if","locations":[{"start":{"line":22,"column":4},"end":{"line":24,"column":5}}]},"2":{"loc":{"start":{"line":28,"column":6},"end":{"line":31,"column":7}},"type":"if","locations":[{"start":{"line":28,"column":6},"end":{"line":31,"column":7}}]},"3":{"loc":{"start":{"line":30,"column":15},"end":{"line":30,"column":40}},"type":"binary-expr","locations":[{"start":{"line":30,"column":15},"end":{"line":30,"column":32}},{"start":{"line":30,"column":36},"end":{"line":30,"column":40}}]},"4":{"loc":{"start":{"line":45,"column":4},"end":{"line":47,"column":5}},"type":"if","locations":[{"start":{"line":45,"column":4},"end":{"line":47,"column":5}}]},"5":{"loc":{"start":{"line":72,"column":6},"end":{"line":82,"column":7}},"type":"if","locations":[{"start":{"line":72,"column":6},"end":{"line":82,"column":7}}]},"6":{"loc":{"start":{"line":75,"column":8},"end":{"line":81,"column":9}},"type":"if","locations":[{"start":{"line":75,"column":8},"end":{"line":81,"column":9}}]},"7":{"loc":{"start":{"line":77,"column":17},"end":{"line":79,"column":null}},"type":"binary-expr","locations":[{"start":{"line":77,"column":17},"end":{"line":77,"column":40}},{"start":{"line":78,"column":12},"end":{"line":78,"column":42}},{"start":{"line":79,"column":12},"end":{"line":79,"column":52}}]}},"s":{"0":0,"1":0,"2":0,"3":0,"4":0,"5":0,"6":0,"7":0,"8":0,"9":0,"10":0,"11":0,"12":0,"13":0,"14":0,"15":0,"16":0,"17":0,"18":0,"19":0,"20":0,"21":0,"22":0,"23":0,"24":0,"25":0,"26":0,"27":0,"28":0,"29":0,"30":0,"31":0},"f":{"0":0,"1":0,"2":0,"3":0,"4":0,"5":0},"b":{"0":[0],"1":[0],"2":[0],"3":[0,0],"4":[0],"5":[0],"6":[0],"7":[0,0,0]}}
,"/workspaces/Stone/src/github/client.ts": {"path":"/workspaces/Stone/src/github/client.ts","statementMap":{"0":{"start":{"line":1,"column":0},"end":{"line":1,"column":34}},"1":{"start":{"line":9,"column":4},"end":{"line":9,"column":48}},"2":{"start":{"line":10,"column":4},"end":{"line":10,"column":25}},"3":{"start":{"line":17,"column":4},"end":{"line":21,"column":7}},"4":{"start":{"line":28,"column":4},"end":{"line":33,"column":7}},"5":{"start":{"line":40,"column":4},"end":{"line":45,"column":7}},"6":{"start":{"line":52,"column":4},"end":{"line":57,"column":7}},"7":{"start":{"line":64,"column":4},"end":{"line":69,"column":7}},"8":{"start":{"line":76,"column":4},"end":{"line":81,"column":7}},"9":{"start":{"line":88,"column":4},"end":{"line":95,"column":7}},"10":{"start":{"line":102,"column":4},"end":{"line":107,"column":7}},"11":{"start":{"line":114,"column":4},"end":{"line":122,"column":7}},"12":{"start":{"line":4,"column":0},"end":{"line":4,"column":13}}},"fnMap":{"0":{"name":"(anonymous_0)","decl":{"start":{"line":8,"column":2},"end":{"line":8,"column":14}},"loc":{"start":{"line":8,"column":48},"end":{"line":11,"column":3}}},"1":{"name":"(anonymous_1)","decl":{"start":{"line":16,"column":9},"end":{"line":16,"column":14}},"loc":{"start":{"line":16,"column":43},"end":{"line":22,"column":3}}},"2":{"name":"(anonymous_2)","decl":{"start":{"line":27,"column":9},"end":{"line":27,"column":14}},"loc":{"start":{"line":27,"column":45},"end":{"line":34,"column":3}}},"3":{"name":"(anonymous_3)","decl":{"start":{"line":39,"column":9},"end":{"line":39,"column":14}},"loc":{"start":{"line":39,"column":67},"end":{"line":46,"column":3}}},"4":{"name":"(anonymous_4)","decl":{"start":{"line":51,"column":9},"end":{"line":51,"column":14}},"loc":{"start":{"line":51,"column":69},"end":{"line":58,"column":3}}},"5":{"name":"(anonymous_5)","decl":{"start":{"line":63,"column":9},"end":{"line":63,"column":14}},"loc":{"start":{"line":63,"column":70},"end":{"line":70,"column":3}}},"6":{"name":"(anonymous_6)","decl":{"start":{"line":75,"column":9},"end":{"line":75,"column":14}},"loc":{"start":{"line":75,"column":67},"end":{"line":82,"column":3}}},"7":{"name":"(anonymous_7)","decl":{"start":{"line":87,"column":9},"end":{"line":87,"column":14}},"loc":{"start":{"line":87,"column":88},"end":{"line":96,"column":3}}},"8":{"name":"(anonymous_8)","decl":{"start":{"line":101,"column":9},"end":{"line":101,"column":14}},"loc":{"start":{"line":101,"column":56},"end":{"line":108,"column":3}}},"9":{"name":"(anonymous_9)","decl":{"start":{"line":113,"column":9},"end":{"line":113,"column":14}},"loc":{"start":{"line":113,"column":110},"end":{"line":123,"column":3}}}},"branchMap":{},"s":{"0":0,"1":0,"2":0,"3":0,"4":0,"5":0,"6":0,"7":0,"8":0,"9":0,"10":0,"11":0,"12":0},"f":{"0":0,"1":0,"2":0,"3":0,"4":0,"5":0,"6":0,"7":0,"8":0,"9":0},"b":{}}
,"/workspaces/Stone/src/github/index.ts": {"path":"/workspaces/Stone/src/github/index.ts","statementMap":{"0":{"start":{"line":1,"column":0},"end":{"line":1,"column":25}},"1":{"start":{"line":2,"column":0},"end":{"line":2,"column":23}},"2":{"start":{"line":3,"column":0},"end":{"line":3,"column":25}},"3":{"start":{"line":4,"column":0},"end":{"line":4,"column":25}}},"fnMap":{},"branchMap":{},"s":{"0":0,"1":0,"2":0,"3":0},"f":{},"b":{}}
,"/workspaces/Stone/src/github/issues.ts": {"path":"/workspaces/Stone/src/github/issues.ts","statementMap":{"0":{"start":{"line":9,"column":4},"end":{"line":9,"column":25}},"1":{"start":{"line":10,"column":4},"end":{"line":10,"column":25}},"2":{"start":{"line":17,"column":4},"end":{"line":17,"column":73}},"3":{"start":{"line":24,"column":28},"end":{"line":24,"column":67}},"4":{"start":{"line":25,"column":19},"end":{"line":27,"column":34}},"5":{"start":{"line":26,"column":6},"end":{"line":26,"column":60}},"6":{"start":{"line":30,"column":4},"end":{"line":62,"column":5}},"7":{"start":{"line":32,"column":6},"end":{"line":32,"column":41}},"8":{"start":{"line":33,"column":6},"end":{"line":33,"column":18}},"9":{"start":{"line":34,"column":11},"end":{"line":62,"column":5}},"10":{"start":{"line":36,"column":6},"end":{"line":36,"column":41}},"11":{"start":{"line":37,"column":6},"end":{"line":37,"column":18}},"12":{"start":{"line":38,"column":11},"end":{"line":62,"column":5}},"13":{"start":{"line":40,"column":6},"end":{"line":40,"column":46}},"14":{"start":{"line":41,"column":6},"end":{"line":41,"column":23}},"15":{"start":{"line":42,"column":11},"end":{"line":62,"column":5}},"16":{"start":{"line":44,"column":6},"end":{"line":44,"column":50}},"17":{"start":{"line":45,"column":6},"end":{"line":45,"column":23}},"18":{"start":{"line":46,"column":11},"end":{"line":62,"column":5}},"19":{"start":{"line":48,"column":6},"end":{"line":48,"column":46}},"20":{"start":{"line":49,"column":6},"end":{"line":49,"column":21}},"21":{"start":{"line":50,"column":11},"end":{"line":62,"column":5}},"22":{"start":{"line":52,"column":6},"end":{"line":52,"column":48}},"23":{"start":{"line":53,"column":6},"end":{"line":53,"column":23}},"24":{"start":{"line":54,"column":11},"end":{"line":62,"column":5}},"25":{"start":{"line":56,"column":6},"end":{"line":56,"column":49}},"26":{"start":{"line":57,"column":6},"end":{"line":57,"column":20}},"27":{"start":{"line":58,"column":11},"end":{"line":62,"column":5}},"28":{"start":{"line":60,"column":6},"end":{"line":60,"column":47}},"29":{"start":{"line":61,"column":6},"end":{"line":61,"column":18}},"30":{"start":{"line":64,"column":4},"end":{"line":64,"column":21}},"31":{"start":{"line":71,"column":20},"end":{"line":75,"column":63}},"32":{"start":{"line":77,"column":4},"end":{"line":77,"column":63}},"33":{"start":{"line":87,"column":4},"end":{"line":87,"column":97}},"34":{"start":{"line":90,"column":4},"end":{"line":90,"column":66}},"35":{"start":{"line":93,"column":4},"end":{"line":97,"column":5}},"36":{"start":{"line":94,"column":6},"end":{"line":94,"column":91}},"37":{"start":{"line":104,"column":4},"end":{"line":104,"column":110}},"38":{"start":{"line":107,"column":4},"end":{"line":107,"column":71}},"39":{"start":{"line":110,"column":4},"end":{"line":114,"column":5}},"40":{"start":{"line":111,"column":6},"end":{"line":111,"column":70}},"41":{"start":{"line":121,"column":28},"end":{"line":121,"column":67}},"42":{"start":{"line":126,"column":17},"end":{"line":126,"column":93}},"43":{"start":{"line":128,"column":4},"end":{"line":128,"column":106}},"44":{"start":{"line":131,"column":4},"end":{"line":131,"column":81}},"45":{"start":{"line":134,"column":4},"end":{"line":138,"column":5}},"46":{"start":{"line":135,"column":6},"end":{"line":135,"column":75}},"47":{"start":{"line":145,"column":4},"end":{"line":145,"column":111}},"48":{"start":{"line":148,"column":4},"end":{"line":148,"column":69}},"49":{"start":{"line":151,"column":4},"end":{"line":155,"column":5}},"50":{"start":{"line":152,"column":6},"end":{"line":152,"column":85}},"51":{"start":{"line":162,"column":4},"end":{"line":162,"column":105}},"52":{"start":{"line":165,"column":4},"end":{"line":165,"column":79}},"53":{"start":{"line":168,"column":4},"end":{"line":172,"column":5}},"54":{"start":{"line":169,"column":6},"end":{"line":169,"column":73}},"55":{"start":{"line":4,"column":0},"end":{"line":4,"column":13}}},"fnMap":{"0":{"name":"(anonymous_0)","decl":{"start":{"line":8,"column":2},"end":{"line":8,"column":14}},"loc":{"start":{"line":8,"column":55},"end":{"line":11,"column":3}}},"1":{"name":"(anonymous_1)","decl":{"start":{"line":16,"column":9},"end":{"line":16,"column":14}},"loc":{"start":{"line":16,"column":29},"end":{"line":18,"column":3}}},"2":{"name":"(anonymous_2)","decl":{"start":{"line":23,"column":9},"end":{"line":23,"column":14}},"loc":{"start":{"line":23,"column":47},"end":{"line":65,"column":3}}},"3":{"name":"(anonymous_3)","decl":{"start":{"line":25,"column":36},"end":{"line":25,"column":37}},"loc":{"start":{"line":25,"column":51},"end":{"line":27,"column":5}}},"4":{"name":"(anonymous_4)","decl":{"start":{"line":70,"column":10},"end":{"line":70,"column":15}},"loc":{"start":{"line":70,"column":61},"end":{"line":81,"column":3}}},"5":{"name":"(anonymous_5)","decl":{"start":{"line":86,"column":10},"end":{"line":86,"column":15}},"loc":{"start":{"line":86,"column":46},"end":{"line":98,"column":3}}},"6":{"name":"(anonymous_6)","decl":{"start":{"line":103,"column":10},"end":{"line":103,"column":15}},"loc":{"start":{"line":103,"column":51},"end":{"line":115,"column":3}}},"7":{"name":"(anonymous_7)","decl":{"start":{"line":120,"column":10},"end":{"line":120,"column":15}},"loc":{"start":{"line":120,"column":55},"end":{"line":139,"column":3}}},"8":{"name":"(anonymous_8)","decl":{"start":{"line":144,"column":10},"end":{"line":144,"column":15}},"loc":{"start":{"line":144,"column":51},"end":{"line":156,"column":3}}},"9":{"name":"(anonymous_9)","decl":{"start":{"line":161,"column":10},"end":{"line":161,"column":15}},"loc":{"start":{"line":161,"column":53},"end":{"line":173,"column":3}}}},"branchMap":{"0":{"loc":{"start":{"line":26,"column":13},"end":{"line":26,"column":59}},"type":"cond-expr","locations":[{"start":{"line":26,"column":41},"end":{"line":26,"column":46}},{"start":{"line":26,"column":49},"end":{"line":26,"column":59}}]},"1":{"loc":{"start":{"line":30,"column":4},"end":{"line":62,"column":5}},"type":"if","locations":[{"start":{"line":30,"column":4},"end":{"line":62,"column":5}},{"start":{"line":34,"column":11},"end":{"line":62,"column":5}}]},"2":{"loc":{"start":{"line":34,"column":11},"end":{"line":62,"column":5}},"type":"if","locations":[{"start":{"line":34,"column":11},"end":{"line":62,"column":5}},{"start":{"line":38,"column":11},"end":{"line":62,"column":5}}]},"3":{"loc":{"start":{"line":38,"column":11},"end":{"line":62,"column":5}},"type":"if","locations":[{"start":{"line":38,"column":11},"end":{"line":62,"column":5}},{"start":{"line":42,"column":11},"end":{"line":62,"column":5}}]},"4":{"loc":{"start":{"line":42,"column":11},"end":{"line":62,"column":5}},"type":"if","locations":[{"start":{"line":42,"column":11},"end":{"line":62,"column":5}},{"start":{"line":46,"column":11},"end":{"line":62,"column":5}}]},"5":{"loc":{"start":{"line":46,"column":11},"end":{"line":62,"column":5}},"type":"if","locations":[{"start":{"line":46,"column":11},"end":{"line":62,"column":5}},{"start":{"line":50,"column":11},"end":{"line":62,"column":5}}]},"6":{"loc":{"start":{"line":50,"column":11},"end":{"line":62,"column":5}},"type":"if","locations":[{"start":{"line":50,"column":11},"end":{"line":62,"column":5}},{"start":{"line":54,"column":11},"end":{"line":62,"column":5}}]},"7":{"loc":{"start":{"line":54,"column":11},"end":{"line":62,"column":5}},"type":"if","locations":[{"start":{"line":54,"column":11},"end":{"line":62,"column":5}},{"start":{"line":58,"column":11},"end":{"line":62,"column":5}}]},"8":{"loc":{"start":{"line":58,"column":11},"end":{"line":62,"column":5}},"type":"if","locations":[{"start":{"line":58,"column":11},"end":{"line":62,"column":5}}]},"9":{"loc":{"start":{"line":71,"column":20},"end":{"line":75,"column":63}},"type":"cond-expr","locations":[{"start":{"line":72,"column":8},"end":{"line":72,"column":52}},{"start":{"line":73,"column":8},"end":{"line":75,"column":63}}]},"10":{"loc":{"start":{"line":73,"column":8},"end":{"line":75,"column":63}},"type":"cond-expr","locations":[{"start":{"line":74,"column":10},"end":{"line":74,"column":54}},{"start":{"line":75,"column":10},"end":{"line":75,"column":63}}]},"11":{"loc":{"start":{"line":126,"column":17},"end":{"line":126,"column":93}},"type":"cond-expr","locations":[{"start":{"line":126,"column":51},"end":{"line":126,"column":79}},{"start":{"line":126,"column":82},"end":{"line":126,"column":93}}]}},"s":{"0":0,"1":0,"2":0,"3":0,"4":0,"5":0,"6":0,"7":0,"8":0,"9":0,"10":0,"11":0,"12":0,"13":0,"14":0,"15":0,"16":0,"17":0,"18":0,"19":0,"20":0,"21":0,"22":0,"23":0,"24":0,"25":0,"26":0,"27":0,"28":0,"29":0,"30":0,"31":0,"32":0,"33":0,"34":0,"35":0,"36":0,"37":0,"38":0,"39":0,"40":0,"41":0,"42":0,"43":0,"44":0,"45":0,"46":0,"47":0,"48":0,"49":0,"50":0,"51":0,"52":0,"53":0,"54":0,"55":0},"f":{"0":0,"1":0,"2":0,"3":0,"4":0,"5":0,"6":0,"7":0,"8":0,"9":0},"b":{"0":[0,0],"1":[0,0],"2":[0,0],"3":[0,0],"4":[0,0],"5":[0,0],"6":[0,0],"7":[0,0],"8":[0],"9":[0,0],"10":[0,0],"11":[0,0]}}
,"/workspaces/Stone/src/github/labels.ts": {"path":"/workspaces/Stone/src/github/labels.ts","statementMap":{"0":{"start":{"line":15,"column":4},"end":{"line":15,"column":25}},"1":{"start":{"line":16,"column":4},"end":{"line":16,"column":25}},"2":{"start":{"line":23,"column":38},"end":{"line":104,"column":6}},"3":{"start":{"line":107,"column":4},"end":{"line":118,"column":5}},"4":{"start":{"line":108,"column":6},"end":{"line":117,"column":7}},"5":{"start":{"line":109,"column":8},"end":{"line":109,"column":38}},"6":{"start":{"line":112,"column":8},"end":{"line":116,"column":9}},"7":{"start":{"line":113,"column":10},"end":{"line":113,"column":40}},"8":{"start":{"line":115,"column":10},"end":{"line":115,"column":22}},"9":{"start":{"line":125,"column":4},"end":{"line":131,"column":7}},"10":{"start":{"line":138,"column":4},"end":{"line":144,"column":7}},"11":{"start":{"line":10,"column":0},"end":{"line":10,"column":13}}},"fnMap":{"0":{"name":"(anonymous_0)","decl":{"start":{"line":14,"column":2},"end":{"line":14,"column":14}},"loc":{"start":{"line":14,"column":55},"end":{"line":17,"column":3}}},"1":{"name":"(anonymous_1)","decl":{"start":{"line":22,"column":9},"end":{"line":22,"column":14}},"loc":{"start":{"line":22,"column":27},"end":{"line":119,"column":3}}},"2":{"name":"(anonymous_2)","decl":{"start":{"line":124,"column":10},"end":{"line":124,"column":15}},"loc":{"start":{"line":124,"column":50},"end":{"line":132,"column":3}}},"3":{"name":"(anonymous_3)","decl":{"start":{"line":137,"column":10},"end":{"line":137,"column":15}},"loc":{"start":{"line":137,"column":50},"end":{"line":145,"column":3}}}},"branchMap":{"0":{"loc":{"start":{"line":112,"column":8},"end":{"line":116,"column":9}},"type":"if","locations":[{"start":{"line":112,"column":8},"end":{"line":116,"column":9}},{"start":{"line":114,"column":15},"end":{"line":116,"column":9}}]},"1":{"loc":{"start":{"line":112,"column":12},"end":{"line":112,"column":78}},"type":"binary-expr","locations":[{"start":{"line":112,"column":12},"end":{"line":112,"column":34}},{"start":{"line":112,"column":38},"end":{"line":112,"column":78}}]}},"s":{"0":0,"1":0,"2":0,"3":0,"4":0,"5":0,"6":0,"7":0,"8":0,"9":0,"10":0,"11":0},"f":{"0":0,"1":0,"2":0,"3":0},"b":{"0":[0,0],"1":[0,0]}}
,"/workspaces/Stone/src/github/templates.ts": {"path":"/workspaces/Stone/src/github/templates.ts","statementMap":{"0":{"start":{"line":1,"column":0},"end":{"line":1,"column":20}},"1":{"start":{"line":2,"column":0},"end":{"line":2,"column":24}},"2":{"start":{"line":11,"column":4},"end":{"line":11,"column":25}},"3":{"start":{"line":12,"column":4},"end":{"line":12,"column":25}},"4":{"start":{"line":20,"column":28},"end":{"line":20,"column":56}},"5":{"start":{"line":23,"column":24},"end":{"line":23,"column":91}},"6":{"start":{"line":24,"column":4},"end":{"line":26,"column":5}},"7":{"start":{"line":25,"column":6},"end":{"line":25,"column":53}},"8":{"start":{"line":29,"column":32},"end":{"line":29,"column":90}},"9":{"start":{"line":30,"column":4},"end":{"line":30,"column":67}},"10":{"start":{"line":33,"column":4},"end":{"line":65,"column":5}},"11":{"start":{"line":34,"column":22},"end":{"line":34,"column":69}},"12":{"start":{"line":35,"column":23},"end":{"line":35,"column":107}},"13":{"start":{"line":38,"column":6},"end":{"line":61,"column":7}},"14":{"start":{"line":39,"column":8},"end":{"line":39,"column":51}},"15":{"start":{"line":41,"column":31},"end":{"line":41,"column":73}},"16":{"start":{"line":42,"column":20},"end":{"line":42,"column":62}},"17":{"start":{"line":44,"column":8},"end":{"line":51,"column":11}},"18":{"start":{"line":54,"column":8},"end":{"line":60,"column":11}},"19":{"start":{"line":72,"column":4},"end":{"line":100,"column":2}},"20":{"start":{"line":6,"column":0},"end":{"line":6,"column":13}}},"fnMap":{"0":{"name":"(anonymous_1)","decl":{"start":{"line":10,"column":2},"end":{"line":10,"column":14}},"loc":{"start":{"line":10,"column":55},"end":{"line":13,"column":3}}},"1":{"name":"(anonymous_2)","decl":{"start":{"line":18,"column":9},"end":{"line":18,"column":14}},"loc":{"start":{"line":18,"column":35},"end":{"line":66,"column":3}}},"2":{"name":"(anonymous_3)","decl":{"start":{"line":71,"column":10},"end":{"line":71,"column":31}},"loc":{"start":{"line":71,"column":31},"end":{"line":101,"column":3}}}},"branchMap":{"0":{"loc":{"start":{"line":24,"column":4},"end":{"line":26,"column":5}},"type":"if","locations":[{"start":{"line":24,"column":4},"end":{"line":26,"column":5}}]},"1":{"loc":{"start":{"line":42,"column":20},"end":{"line":42,"column":62}},"type":"cond-expr","locations":[{"start":{"line":42,"column":42},"end":{"line":42,"column":51}},{"start":{"line":42,"column":54},"end":{"line":42,"column":62}}]}},"s":{"0":0,"1":0,"2":0,"3":0,"4":0,"5":0,"6":0,"7":0,"8":0,"9":0,"10":0,"11":0,"12":0,"13":0,"14":0,"15":0,"16":0,"17":0,"18":0,"19":0,"20":0},"f":{"0":0,"1":0,"2":0},"b":{"0":[0],"1":[0,0]}}
,"/workspaces/Stone/src/utils/logger.ts": {"path":"/workspaces/Stone/src/utils/logger.ts","statementMap":{"0":{"start":{"line":1,"column":0},"end":{"line":1,"column":26}},"1":{"start":{"line":8,"column":4},"end":{"line":8,"column":49}},"2":{"start":{"line":15,"column":4},"end":{"line":15,"column":53}},"3":{"start":{"line":22,"column":4},"end":{"line":22,"column":54}},"4":{"start":{"line":29,"column":4},"end":{"line":29,"column":51}},"5":{"start":{"line":36,"column":4},"end":{"line":38,"column":5}},"6":{"start":{"line":37,"column":6},"end":{"line":37,"column":52}},"7":{"start":{"line":3,"column":0},"end":{"line":3,"column":13}}},"fnMap":{"0":{"name":"(anonymous_1)","decl":{"start":{"line":7,"column":9},"end":{"line":7,"column":13}},"loc":{"start":{"line":7,"column":29},"end":{"line":9,"column":3}}},"1":{"name":"(anonymous_2)","decl":{"start":{"line":14,"column":9},"end":{"line":14,"column":16}},"loc":{"start":{"line":14,"column":32},"end":{"line":16,"column":3}}},"2":{"name":"(anonymous_3)","decl":{"start":{"line":21,"column":9},"end":{"line":21,"column":16}},"loc":{"start":{"line":21,"column":32},"end":{"line":23,"column":3}}},"3":{"name":"(anonymous_4)","decl":{"start":{"line":28,"column":9},"end":{"line":28,"column":14}},"loc":{"start":{"line":28,"column":30},"end":{"line":30,"column":3}}},"4":{"name":"(anonymous_5)","decl":{"start":{"line":35,"column":9},"end":{"line":35,"column":14}},"loc":{"start":{"line":35,"column":30},"end":{"line":39,"column":3}}}},"branchMap":{"0":{"loc":{"start":{"line":36,"column":4},"end":{"line":38,"column":5}},"type":"if","locations":[{"start":{"line":36,"column":4},"end":{"line":38,"column":5}}]}},"s":{"0":0,"1":0,"2":0,"3":0,"4":0,"5":0,"6":0,"7":0},"f":{"0":0,"1":0,"2":0,"3":0,"4":0},"b":{"0":[0]}}
,"/workspaces/Stone/src/workflow/index.ts": {"path":"/workspaces/Stone/src/workflow/index.ts","statementMap":{"0":{"start":{"line":3,"column":0},"end":{"line":3,"column":41}},"1":{"start":{"line":11,"column":4},"end":{"line":11,"column":25}},"2":{"start":{"line":12,"column":4},"end":{"line":12,"column":25}},"3":{"start":{"line":13,"column":4},"end":{"line":13,"column":31}},"4":{"start":{"line":24,"column":28},"end":{"line":24,"column":67}},"5":{"start":{"line":27,"column":4},"end":{"line":27,"column":99}},"6":{"start":{"line":30,"column":4},"end":{"line":57,"column":5}},"7":{"start":{"line":32,"column":8},"end":{"line":32,"column":53}},"8":{"start":{"line":33,"column":8},"end":{"line":33,"column":14}},"9":{"start":{"line":35,"column":8},"end":{"line":35,"column":53}},"10":{"start":{"line":36,"column":8},"end":{"line":36,"column":14}},"11":{"start":{"line":38,"column":8},"end":{"line":38,"column":58}},"12":{"start":{"line":39,"column":8},"end":{"line":39,"column":14}},"13":{"start":{"line":41,"column":8},"end":{"line":41,"column":58}},"14":{"start":{"line":42,"column":8},"end":{"line":42,"column":14}},"15":{"start":{"line":44,"column":8},"end":{"line":44,"column":58}},"16":{"start":{"line":45,"column":8},"end":{"line":45,"column":14}},"17":{"start":{"line":47,"column":8},"end":{"line":47,"column":55}},"18":{"start":{"line":48,"column":8},"end":{"line":48,"column":14}},"19":{"start":{"line":50,"column":8},"end":{"line":50,"column":55}},"20":{"start":{"line":51,"column":8},"end":{"line":51,"column":14}},"21":{"start":{"line":53,"column":8},"end":{"line":53,"column":53}},"22":{"start":{"line":54,"column":8},"end":{"line":54,"column":14}},"23":{"start":{"line":56,"column":8},"end":{"line":56,"column":66}},"24":{"start":{"line":60,"column":4},"end":{"line":60,"column":88}},"25":{"start":{"line":68,"column":4},"end":{"line":71,"column":6}},"26":{"start":{"line":74,"column":4},"end":{"line":74,"column":66}},"27":{"start":{"line":82,"column":4},"end":{"line":85,"column":6}},"28":{"start":{"line":88,"column":4},"end":{"line":88,"column":71}},"29":{"start":{"line":96,"column":4},"end":{"line":99,"column":6}},"30":{"start":{"line":102,"column":4},"end":{"line":102,"column":69}},"31":{"start":{"line":110,"column":4},"end":{"line":113,"column":6}},"32":{"start":{"line":116,"column":4},"end":{"line":116,"column":99}},"33":{"start":{"line":124,"column":4},"end":{"line":127,"column":6}},"34":{"start":{"line":130,"column":4},"end":{"line":130,"column":81}},"35":{"start":{"line":138,"column":4},"end":{"line":141,"column":6}},"36":{"start":{"line":144,"column":4},"end":{"line":144,"column":68}},"37":{"start":{"line":152,"column":4},"end":{"line":155,"column":6}},"38":{"start":{"line":158,"column":4},"end":{"line":158,"column":66}},"39":{"start":{"line":166,"column":4},"end":{"line":169,"column":6}},"40":{"start":{"line":172,"column":4},"end":{"line":172,"column":72}},"41":{"start":{"line":5,"column":0},"end":{"line":5,"column":13}}},"fnMap":{"0":{"name":"(anonymous_0)","decl":{"start":{"line":10,"column":2},"end":{"line":10,"column":14}},"loc":{"start":{"line":10,"column":55},"end":{"line":14,"column":3}}},"1":{"name":"(anonymous_1)","decl":{"start":{"line":19,"column":9},"end":{"line":19,"column":14}},"loc":{"start":{"line":21,"column":23},"end":{"line":61,"column":3}}},"2":{"name":"(anonymous_2)","decl":{"start":{"line":66,"column":10},"end":{"line":66,"column":15}},"loc":{"start":{"line":66,"column":61},"end":{"line":75,"column":3}}},"3":{"name":"(anonymous_3)","decl":{"start":{"line":80,"column":10},"end":{"line":80,"column":15}},"loc":{"start":{"line":80,"column":61},"end":{"line":89,"column":3}}},"4":{"name":"(anonymous_4)","decl":{"start":{"line":94,"column":10},"end":{"line":94,"column":15}},"loc":{"start":{"line":94,"column":66},"end":{"line":103,"column":3}}},"5":{"name":"(anonymous_5)","decl":{"start":{"line":108,"column":10},"end":{"line":108,"column":15}},"loc":{"start":{"line":108,"column":66},"end":{"line":117,"column":3}}},"6":{"name":"(anonymous_6)","decl":{"start":{"line":122,"column":10},"end":{"line":122,"column":15}},"loc":{"start":{"line":122,"column":66},"end":{"line":131,"column":3}}},"7":{"name":"(anonymous_7)","decl":{"start":{"line":136,"column":10},"end":{"line":136,"column":15}},"loc":{"start":{"line":136,"column":63},"end":{"line":145,"column":3}}},"8":{"name":"(anonymous_8)","decl":{"start":{"line":150,"column":10},"end":{"line":150,"column":15}},"loc":{"start":{"line":150,"column":63},"end":{"line":159,"column":3}}},"9":{"name":"(anonymous_9)","decl":{"start":{"line":164,"column":10},"end":{"line":164,"column":15}},"loc":{"start":{"line":164,"column":61},"end":{"line":173,"column":3}}}},"branchMap":{"0":{"loc":{"start":{"line":30,"column":4},"end":{"line":57,"column":5}},"type":"switch","locations":[{"start":{"line":31,"column":6},"end":{"line":33,"column":14}},{"start":{"line":34,"column":6},"end":{"line":36,"column":14}},{"start":{"line":37,"column":6},"end":{"line":39,"column":14}},{"start":{"line":40,"column":6},"end":{"line":42,"column":14}},{"start":{"line":43,"column":6},"end":{"line":45,"column":14}},{"start":{"line":46,"column":6},"end":{"line":48,"column":14}},{"start":{"line":49,"column":6},"end":{"line":51,"column":14}},{"start":{"line":52,"column":6},"end":{"line":54,"column":14}},{"start":{"line":55,"column":6},"end":{"line":56,"column":66}}]}},"s":{"0":0,"1":0,"2":0,"3":0,"4":0,"5":0,"6":0,"7":0,"8":0,"9":0,"10":0,"11":0,"12":0,"13":0,"14":0,"15":0,"16":0,"17":0,"18":0,"19":0,"20":0,"21":0,"22":0,"23":0,"24":0,"25":0,"26":0,"27":0,"28":0,"29":0,"30":0,"31":0,"32":0,"33":0,"34":0,"35":0,"36":0,"37":0,"38":0,"39":0,"40":0,"41":0},"f":{"0":0,"1":0,"2":0,"3":0,"4":0,"5":0,"6":0,"7":0,"8":0,"9":0},"b":{"0":[0,0,0,0,0,0,0,0,0]}}
}
