TN:
SF:src/index.ts
FN:10,init
FN:60,processEvent
FN:109,runWorkflow
FNF:3
FNH:0
FNDA:0,init
FNDA:0,processEvent
FNDA:0,runWorkflow
DA:1,0
DA:2,0
DA:3,0
DA:4,0
DA:5,0
DA:10,0
DA:11,0
DA:13,0
DA:15,0
DA:16,0
DA:18,0
DA:19,0
DA:23,0
DA:24,0
DA:26,0
DA:27,0
DA:31,0
DA:32,0
DA:35,0
DA:38,0
DA:41,0
DA:42,0
DA:45,0
DA:46,0
DA:48,0
DA:50,0
DA:51,0
DA:52,0
DA:60,0
DA:61,0
DA:63,0
DA:65,0
DA:66,0
DA:69,0
DA:70,0
DA:72,0
DA:73,0
DA:77,0
DA:80,0
DA:81,0
DA:82,0
DA:85,0
DA:87,0
DA:88,0
DA:89,0
DA:91,0
DA:92,0
DA:93,0
DA:97,0
DA:99,0
DA:100,0
DA:101,0
DA:109,0
DA:114,0
DA:116,0
DA:118,0
DA:119,0
DA:122,0
DA:123,0
DA:125,0
DA:126,0
DA:130,0
DA:133,0
DA:134,0
DA:136,0
DA:138,0
DA:139,0
DA:140,0
LF:68
LH:0
BRDA:15,0,0,0
BRDA:15,0,1,0
BRDA:15,1,0,0
BRDA:15,1,1,0
BRDA:16,2,0,0
BRDA:16,2,1,0
BRDA:16,3,0,0
BRDA:16,3,1,0
BRDA:18,4,0,0
BRDA:18,5,0,0
BRDA:18,5,1,0
BRDA:24,6,0,0
BRDA:24,6,1,0
BRDA:24,7,0,0
BRDA:24,7,1,0
BRDA:24,8,0,0
BRDA:24,8,1,0
BRDA:26,9,0,0
BRDA:50,10,0,0
BRDA:72,11,0,0
BRDA:80,12,0,0
BRDA:80,13,0,0
BRDA:80,13,1,0
BRDA:85,14,0,0
BRDA:85,14,1,0
BRDA:89,15,0,0
BRDA:99,16,0,0
BRDA:123,17,0,0
BRDA:123,17,1,0
BRDA:123,18,0,0
BRDA:123,18,1,0
BRDA:123,19,0,0
BRDA:123,19,1,0
BRDA:125,20,0,0
BRDA:138,21,0,0
BRF:35
BRH:0
end_of_record
TN:
SF:src/claude/generator.ts
FN:8,(anonymous_1)
FN:15,(anonymous_2)
FN:72,(anonymous_3)
FN:141,(anonymous_4)
FN:206,(anonymous_5)
FN:265,(anonymous_6)
FN:316,(anonymous_7)
FNF:7
FNH:0
FNDA:0,(anonymous_1)
FNDA:0,(anonymous_2)
FNDA:0,(anonymous_3)
FNDA:0,(anonymous_4)
FNDA:0,(anonymous_5)
FNDA:0,(anonymous_6)
FNDA:0,(anonymous_7)
DA:1,0
DA:2,0
DA:5,0
DA:9,0
DA:17,0
DA:18,0
DA:19,0
DA:23,0
DA:24,0
DA:25,0
DA:32,0
DA:33,0
DA:34,0
DA:41,0
DA:42,0
DA:43,0
DA:50,0
DA:51,0
DA:52,0
DA:59,0
DA:60,0
DA:61,0
DA:73,0
DA:142,0
DA:207,0
DA:266,0
DA:317,0
LF:27
LH:0
BRDA:18,0,0,0
BRDA:23,1,0,0
BRDA:32,2,0,0
BRDA:41,3,0,0
BRDA:50,4,0,0
BRDA:59,5,0,0
BRF:6
BRH:0
end_of_record
TN:
SF:src/claude/index.ts
FNF:0
FNH:0
DA:1,0
LF:1
LH:0
BRF:0
BRH:0
end_of_record
TN:
SF:src/cli/index.ts
FNF:0
FNH:0
DA:3,0
DA:4,0
DA:5,0
DA:6,0
DA:7,0
DA:8,0
DA:9,0
DA:11,0
DA:14,0
DA:16,0
DA:22,0
DA:23,0
DA:24,0
DA:25,0
DA:26,0
DA:29,0
DA:31,0
DA:32,0
DA:34,0
DA:35,0
DA:36,0
LF:21
LH:0
BRDA:34,0,0,0
BRF:1
BRH:0
end_of_record
TN:
SF:src/cli/commands/init.ts
FN:15,initCommand
FN:22,(anonymous_10)
FNF:2
FNH:0
FNDA:0,initCommand
FNDA:0,(anonymous_10)
DA:2,0
DA:3,0
DA:4,0
DA:5,0
DA:6,0
DA:7,0
DA:8,0
DA:9,0
DA:10,0
DA:13,0
DA:15,0
DA:16,0
DA:23,0
DA:24,0
DA:27,0
DA:28,0
DA:31,0
DA:32,0
DA:33,0
DA:39,0
DA:40,0
DA:41,0
DA:42,0
DA:50,0
DA:51,0
DA:54,0
DA:55,0
DA:58,0
DA:61,0
DA:64,0
DA:66,0
DA:67,0
DA:71,0
DA:72,0
DA:73,0
DA:77,0
DA:80,0
DA:81,0
DA:84,0
DA:87,0
DA:90,0
DA:91,0
DA:92,0
DA:95,0
DA:96,0
DA:97,0
DA:100,0
DA:101,0
DA:102,0
DA:105,0
DA:106,0
DA:123,0
DA:125,0
DA:126,0
DA:128,0
DA:129,0
DA:130,0
LF:57
LH:0
BRDA:31,0,0,0
BRDA:31,1,0,0
BRDA:31,1,1,0
BRDA:40,2,0,0
BRDA:41,3,0,0
BRDA:41,3,1,0
BRDA:42,4,0,0
BRDA:42,4,1,0
BRDA:50,5,0,0
BRDA:54,6,0,0
BRDA:64,7,0,0
BRDA:64,7,1,0
BRDA:66,8,0,0
BRDA:72,9,0,0
BRDA:128,10,0,0
BRF:15
BRH:0
end_of_record
TN:
SF:src/cli/commands/process.ts
FN:9,processCommand
FN:14,(anonymous_1)
FNF:2
FNH:0
FNDA:0,processCommand
FNDA:0,(anonymous_1)
DA:2,0
DA:3,0
DA:4,0
DA:7,0
DA:9,0
DA:10,0
DA:15,0
DA:16,0
DA:18,0
DA:19,0
DA:22,0
DA:25,0
DA:26,0
DA:29,0
DA:30,0
DA:32,0
DA:33,0
DA:37,0
DA:38,0
DA:41,0
DA:43,0
DA:44,0
DA:46,0
DA:47,0
DA:48,0
LF:25
LH:0
BRDA:18,0,0,0
BRDA:18,1,0,0
BRDA:18,1,1,0
BRDA:32,2,0,0
BRDA:46,3,0,0
BRF:5
BRH:0
end_of_record
TN:
SF:src/cli/commands/reset.ts
FN:9,resetCommand
FN:14,(anonymous_1)
FN:44,(anonymous_2)
FN:46,(anonymous_3)
FNF:4
FNH:0
FNDA:0,resetCommand
FNDA:0,(anonymous_1)
FNDA:0,(anonymous_2)
FNDA:0,(anonymous_3)
DA:2,0
DA:3,0
DA:4,0
DA:7,0
DA:9,0
DA:10,0
DA:15,0
DA:16,0
DA:18,0
DA:19,0
DA:22,0
DA:25,0
DA:26,0
DA:29,0
DA:30,0
DA:32,0
DA:33,0
DA:37,0
DA:40,0
DA:43,0
DA:44,0
DA:46,0
DA:48,0
DA:49,0
DA:50,0
DA:51,0
DA:59,0
DA:62,0
DA:67,0
DA:69,0
DA:70,0
DA:71,0
LF:32
LH:0
BRDA:18,0,0,0
BRDA:18,1,0,0
BRDA:18,1,1,0
BRDA:32,2,0,0
BRDA:44,3,0,0
BRDA:44,3,1,0
BRDA:46,4,0,0
BRDA:46,4,1,0
BRDA:46,5,0,0
BRDA:46,5,1,0
BRDA:49,6,0,0
BRDA:69,7,0,0
BRF:12
BRH:0
end_of_record
TN:
SF:src/cli/commands/run.ts
FN:10,runCommand
FN:16,(anonymous_1)
FNF:2
FNH:0
FNDA:0,runCommand
FNDA:0,(anonymous_1)
DA:2,0
DA:3,0
DA:4,0
DA:5,0
DA:8,0
DA:10,0
DA:11,0
DA:17,0
DA:18,0
DA:19,0
DA:21,0
DA:22,0
DA:26,0
DA:27,0
DA:28,0
DA:31,0
DA:34,0
DA:35,0
DA:38,0
DA:39,0
DA:41,0
DA:42,0
DA:46,0
DA:49,0
DA:52,0
DA:54,0
DA:56,0
DA:57,0
DA:58,0
LF:29
LH:0
BRDA:21,0,0,0
BRDA:21,1,0,0
BRDA:21,1,1,0
BRDA:27,2,0,0
BRDA:41,3,0,0
BRDA:56,4,0,0
BRF:6
BRH:0
end_of_record
TN:
SF:src/cli/commands/status.ts
FN:10,statusCommand
FN:15,(anonymous_2)
FN:47,(anonymous_3)
FNF:3
FNH:0
FNDA:0,statusCommand
FNDA:0,(anonymous_2)
FNDA:0,(anonymous_3)
DA:2,0
DA:3,0
DA:4,0
DA:5,0
DA:8,0
DA:10,0
DA:11,0
DA:16,0
DA:18,0
DA:19,0
DA:22,0
DA:23,0
DA:25,0
DA:26,0
DA:30,0
DA:31,0
DA:34,0
DA:36,0
DA:37,0
DA:38,0
DA:42,0
DA:43,0
DA:45,0
DA:47,0
DA:48,0
DA:52,0
DA:53,0
DA:55,0
DA:56,0
DA:57,0
DA:58,0
DA:59,0
DA:60,0
DA:61,0
DA:62,0
DA:63,0
DA:64,0
DA:65,0
DA:66,0
DA:67,0
DA:68,0
DA:69,0
DA:70,0
DA:71,0
DA:72,0
DA:73,0
DA:74,0
DA:75,0
DA:76,0
DA:77,0
DA:78,0
DA:79,0
DA:80,0
DA:81,0
DA:82,0
DA:83,0
DA:84,0
DA:88,0
DA:89,0
DA:90,0
DA:91,0
DA:94,0
DA:95,0
DA:96,0
LF:64
LH:0
BRDA:25,0,0,0
BRDA:36,1,0,0
BRDA:48,2,0,0
BRDA:48,2,1,0
BRDA:55,3,0,0
BRDA:55,3,1,0
BRDA:58,4,0,0
BRDA:58,4,1,0
BRDA:61,5,0,0
BRDA:61,5,1,0
BRDA:64,6,0,0
BRDA:64,6,1,0
BRDA:67,7,0,0
BRDA:67,7,1,0
BRDA:70,8,0,0
BRDA:70,8,1,0
BRDA:73,9,0,0
BRDA:73,9,1,0
BRDA:76,10,0,0
BRDA:76,10,1,0
BRDA:79,11,0,0
BRDA:79,11,1,0
BRDA:82,12,0,0
BRDA:94,13,0,0
BRF:24
BRH:0
end_of_record
TN:
SF:src/config/analyzer.ts
FN:7,(anonymous_1)
FN:14,(anonymous_2)
FN:96,(anonymous_3)
FNF:3
FNH:3
FNDA:6,(anonymous_1)
FNDA:3,(anonymous_2)
FNDA:3,(anonymous_3)
DA:1,1
DA:2,1
DA:4,1
DA:8,6
DA:15,3
DA:18,3
DA:19,3
DA:21,2
DA:23,2
DA:24,3
DA:26,3
DA:28,3
DA:30,3
DA:31,2
DA:32,2
DA:33,2
DA:35,2
DA:42,0
DA:50,1
DA:60,1
DA:62,1
DA:63,1
DA:64,1
DA:65,1
DA:67,1
DA:74,0
DA:82,0
DA:90,3
DA:97,3
DA:99,3
DA:100,3
DA:101,3
DA:102,3
DA:103,3
DA:106,3
DA:107,1
DA:108,2
DA:109,1
DA:110,1
DA:111,0
DA:112,1
DA:113,0
DA:121,1
LF:43
LH:38
BRDA:8,0,0,6
BRDA:8,0,1,0
BRDA:19,1,0,2
BRDA:19,1,1,1
BRDA:19,2,0,3
BRDA:19,2,1,2
BRDA:26,3,0,3
BRDA:30,4,0,2
BRDA:30,4,1,1
BRDA:33,5,0,2
BRDA:33,5,1,0
BRDA:62,6,0,1
BRDA:62,6,1,0
BRDA:65,7,0,1
BRDA:65,7,1,0
BRDA:99,8,0,3
BRDA:102,9,0,3
BRDA:102,9,1,0
BRDA:103,10,0,3
BRDA:103,10,1,3
BRDA:106,11,0,1
BRDA:106,11,1,2
BRDA:106,12,0,3
BRDA:106,12,1,2
BRDA:108,13,0,1
BRDA:108,13,1,1
BRDA:108,14,0,2
BRDA:108,14,1,1
BRDA:110,15,0,0
BRDA:110,15,1,1
BRDA:110,16,0,1
BRDA:110,16,1,1
BRDA:112,17,0,0
BRDA:112,18,0,1
BRDA:112,18,1,1
BRF:35
BRH:28
end_of_record
TN:
SF:src/config/generator.ts
FN:12,(anonymous_1)
FN:21,(anonymous_2)
FN:76,(anonymous_3)
FNF:3
FNH:0
FNDA:0,(anonymous_1)
FNDA:0,(anonymous_2)
FNDA:0,(anonymous_3)
DA:1,0
DA:2,0
DA:4,0
DA:5,0
DA:7,0
DA:13,0
DA:14,0
DA:15,0
DA:23,0
DA:26,0
DA:69,0
DA:70,0
DA:77,0
DA:83,0
DA:84,0
DA:85,0
LF:16
LH:0
BRDA:13,0,0,0
BRDA:13,0,1,0
BRDA:84,1,0,0
BRF:3
BRH:0
end_of_record
TN:
SF:src/config/index.ts
FNF:0
FNH:0
DA:1,0
DA:2,0
DA:3,0
DA:4,0
LF:4
LH:0
BRF:0
BRH:0
end_of_record
TN:
SF:src/config/loader.ts
FN:9,(anonymous_1)
FN:16,(anonymous_2)
FN:50,(anonymous_3)
FN:63,(anonymous_4)
FNF:4
FNH:4
FNDA:5,(anonymous_1)
FNDA:4,(anonymous_2)
FNDA:1,(anonymous_3)
FNDA:2,(anonymous_4)
DA:1,1
DA:2,1
DA:3,1
DA:5,1
DA:7,5
DA:10,5
DA:17,4
DA:19,4
DA:20,1
DA:24,3
DA:25,3
DA:28,3
DA:33,3
DA:34,0
DA:37,3
DA:38,3
DA:40,1
DA:41,0
DA:43,1
DA:51,1
DA:52,1
DA:53,1
DA:54,1
DA:56,0
DA:64,2
DA:65,1
DA:67,1
LF:27
LH:24
BRDA:10,0,0,5
BRDA:10,0,1,0
BRDA:19,1,0,1
BRDA:33,2,0,0
BRDA:40,3,0,0
BRDA:56,4,0,0
BRDA:56,4,1,0
BRDA:64,5,0,1
BRF:8
BRH:3
end_of_record
TN:
SF:src/config/schema.ts
FNF:0
FNH:0
DA:1,2
DA:3,2
LF:2
LH:2
BRF:0
BRH:0
end_of_record
TN:
SF:src/github/auth.ts
FN:8,(anonymous_1)
FN:15,(anonymous_2)
FN:42,(anonymous_3)
FN:59,(anonymous_4)
FN:76,(anonymous_5)
FN:79,(anonymous_6)
FNF:6
FNH:0
FNDA:0,(anonymous_1)
FNDA:0,(anonymous_2)
FNDA:0,(anonymous_3)
FNDA:0,(anonymous_4)
FNDA:0,(anonymous_5)
FNDA:0,(anonymous_6)
DA:1,0
DA:2,0
DA:3,0
DA:5,0
DA:9,0
DA:17,0
DA:18,0
DA:22,0
DA:23,0
DA:27,0
DA:28,0
DA:29,0
DA:30,0
DA:36,0
DA:43,0
DA:45,0
DA:46,0
DA:49,0
DA:50,0
DA:53,0
DA:60,0
DA:62,0
DA:68,0
DA:72,0
DA:74,0
DA:75,0
DA:76,0
DA:77,0
DA:79,0
DA:84,0
DA:86,0
LF:31
LH:0
BRDA:17,0,0,0
BRDA:22,1,0,0
BRDA:28,2,0,0
BRDA:30,3,0,0
BRDA:30,3,1,0
BRDA:45,4,0,0
BRDA:72,5,0,0
BRDA:75,6,0,0
BRDA:77,7,0,0
BRDA:77,7,1,0
BRDA:77,7,2,0
BRF:11
BRH:0
end_of_record
TN:
SF:src/github/client.ts
FN:8,(anonymous_0)
FN:16,(anonymous_1)
FN:27,(anonymous_2)
FN:39,(anonymous_3)
FN:51,(anonymous_4)
FN:63,(anonymous_5)
FN:75,(anonymous_6)
FN:87,(anonymous_7)
FN:101,(anonymous_8)
FN:113,(anonymous_9)
FNF:10
FNH:0
FNDA:0,(anonymous_0)
FNDA:0,(anonymous_1)
FNDA:0,(anonymous_2)
FNDA:0,(anonymous_3)
FNDA:0,(anonymous_4)
FNDA:0,(anonymous_5)
FNDA:0,(anonymous_6)
FNDA:0,(anonymous_7)
FNDA:0,(anonymous_8)
FNDA:0,(anonymous_9)
DA:1,0
DA:4,0
DA:9,0
DA:10,0
DA:17,0
DA:28,0
DA:40,0
DA:52,0
DA:64,0
DA:76,0
DA:88,0
DA:102,0
DA:114,0
LF:13
LH:0
BRF:0
BRH:0
end_of_record
TN:
SF:src/github/index.ts
FNF:0
FNH:0
DA:1,0
DA:2,0
DA:3,0
DA:4,0
LF:4
LH:0
BRF:0
BRH:0
end_of_record
TN:
SF:src/github/issues.ts
FN:8,(anonymous_0)
FN:16,(anonymous_1)
FN:23,(anonymous_2)
FN:25,(anonymous_3)
FN:70,(anonymous_4)
FN:86,(anonymous_5)
FN:103,(anonymous_6)
FN:120,(anonymous_7)
FN:144,(anonymous_8)
FN:161,(anonymous_9)
FNF:10
FNH:0
FNDA:0,(anonymous_0)
FNDA:0,(anonymous_1)
FNDA:0,(anonymous_2)
FNDA:0,(anonymous_3)
FNDA:0,(anonymous_4)
FNDA:0,(anonymous_5)
FNDA:0,(anonymous_6)
FNDA:0,(anonymous_7)
FNDA:0,(anonymous_8)
FNDA:0,(anonymous_9)
DA:4,0
DA:9,0
DA:10,0
DA:17,0
DA:24,0
DA:25,0
DA:26,0
DA:30,0
DA:32,0
DA:33,0
DA:34,0
DA:36,0
DA:37,0
DA:38,0
DA:40,0
DA:41,0
DA:42,0
DA:44,0
DA:45,0
DA:46,0
DA:48,0
DA:49,0
DA:50,0
DA:52,0
DA:53,0
DA:54,0
DA:56,0
DA:57,0
DA:58,0
DA:60,0
DA:61,0
DA:64,0
DA:71,0
DA:77,0
DA:87,0
DA:90,0
DA:93,0
DA:94,0
DA:104,0
DA:107,0
DA:110,0
DA:111,0
DA:121,0
DA:126,0
DA:128,0
DA:131,0
DA:134,0
DA:135,0
DA:145,0
DA:148,0
DA:151,0
DA:152,0
DA:162,0
DA:165,0
DA:168,0
DA:169,0
LF:56
LH:0
BRDA:26,0,0,0
BRDA:26,0,1,0
BRDA:30,1,0,0
BRDA:30,1,1,0
BRDA:34,2,0,0
BRDA:34,2,1,0
BRDA:38,3,0,0
BRDA:38,3,1,0
BRDA:42,4,0,0
BRDA:42,4,1,0
BRDA:46,5,0,0
BRDA:46,5,1,0
BRDA:50,6,0,0
BRDA:50,6,1,0
BRDA:54,7,0,0
BRDA:54,7,1,0
BRDA:58,8,0,0
BRDA:71,9,0,0
BRDA:71,9,1,0
BRDA:73,10,0,0
BRDA:73,10,1,0
BRDA:126,11,0,0
BRDA:126,11,1,0
BRF:23
BRH:0
end_of_record
TN:
SF:src/github/labels.ts
FN:14,(anonymous_0)
FN:22,(anonymous_1)
FN:124,(anonymous_2)
FN:137,(anonymous_3)
FNF:4
FNH:0
FNDA:0,(anonymous_0)
FNDA:0,(anonymous_1)
FNDA:0,(anonymous_2)
FNDA:0,(anonymous_3)
DA:10,0
DA:15,0
DA:16,0
DA:23,0
DA:107,0
DA:108,0
DA:109,0
DA:112,0
DA:113,0
DA:115,0
DA:125,0
DA:138,0
LF:12
LH:0
BRDA:112,0,0,0
BRDA:112,0,1,0
BRDA:112,1,0,0
BRDA:112,1,1,0
BRF:4
BRH:0
end_of_record
TN:
SF:src/github/templates.ts
FN:10,(anonymous_1)
FN:18,(anonymous_2)
FN:71,(anonymous_3)
FNF:3
FNH:0
FNDA:0,(anonymous_1)
FNDA:0,(anonymous_2)
FNDA:0,(anonymous_3)
DA:1,0
DA:2,0
DA:6,0
DA:11,0
DA:12,0
DA:20,0
DA:23,0
DA:24,0
DA:25,0
DA:29,0
DA:30,0
DA:33,0
DA:34,0
DA:35,0
DA:38,0
DA:39,0
DA:41,0
DA:42,0
DA:44,0
DA:54,0
DA:72,0
LF:21
LH:0
BRDA:24,0,0,0
BRDA:42,1,0,0
BRDA:42,1,1,0
BRF:3
BRH:0
end_of_record
TN:
SF:src/utils/logger.ts
FN:7,(anonymous_1)
FN:14,(anonymous_2)
FN:21,(anonymous_3)
FN:28,(anonymous_4)
FN:35,(anonymous_5)
FNF:5
FNH:0
FNDA:0,(anonymous_1)
FNDA:0,(anonymous_2)
FNDA:0,(anonymous_3)
FNDA:0,(anonymous_4)
FNDA:0,(anonymous_5)
DA:1,0
DA:3,0
DA:8,0
DA:15,0
DA:22,0
DA:29,0
DA:36,0
DA:37,0
LF:8
LH:0
BRDA:36,0,0,0
BRF:1
BRH:0
end_of_record
TN:
SF:src/workflow/index.ts
FN:10,(anonymous_0)
FN:19,(anonymous_1)
FN:66,(anonymous_2)
FN:80,(anonymous_3)
FN:94,(anonymous_4)
FN:108,(anonymous_5)
FN:122,(anonymous_6)
FN:136,(anonymous_7)
FN:150,(anonymous_8)
FN:164,(anonymous_9)
FNF:10
FNH:0
FNDA:0,(anonymous_0)
FNDA:0,(anonymous_1)
FNDA:0,(anonymous_2)
FNDA:0,(anonymous_3)
FNDA:0,(anonymous_4)
FNDA:0,(anonymous_5)
FNDA:0,(anonymous_6)
FNDA:0,(anonymous_7)
FNDA:0,(anonymous_8)
FNDA:0,(anonymous_9)
DA:3,0
DA:5,0
DA:11,0
DA:12,0
DA:13,0
DA:24,0
DA:27,0
DA:30,0
DA:32,0
DA:33,0
DA:35,0
DA:36,0
DA:38,0
DA:39,0
DA:41,0
DA:42,0
DA:44,0
DA:45,0
DA:47,0
DA:48,0
DA:50,0
DA:51,0
DA:53,0
DA:54,0
DA:56,0
DA:60,0
DA:68,0
DA:74,0
DA:82,0
DA:88,0
DA:96,0
DA:102,0
DA:110,0
DA:116,0
DA:124,0
DA:130,0
DA:138,0
DA:144,0
DA:152,0
DA:158,0
DA:166,0
DA:172,0
LF:42
LH:0
BRDA:30,0,0,0
BRDA:30,0,1,0
BRDA:30,0,2,0
BRDA:30,0,3,0
BRDA:30,0,4,0
BRDA:30,0,5,0
BRDA:30,0,6,0
BRDA:30,0,7,0
BRDA:30,0,8,0
BRF:9
BRH:0
end_of_record
